2022-07-13_13-15-55 [restartedMain] INFO  c.c.p.p.PolicyMicroserviceApplication - Starting PolicyMicroserviceApplication using Java 1.8.0_333 on DESKTOP-8M9QV5O with PID 8276 (C:\Users\lenovo\Desktop\MFPE\Files-Microservices\New folder\Policy-Microservice\target\classes started by lenovo in C:\Users\lenovo\Desktop\MFPE\Files-Microservices\New folder\Policy-Microservice)
2022-07-13_13-15-55 [restartedMain] INFO  c.c.p.p.PolicyMicroserviceApplication - No active profile set, falling back to default profiles: default
2022-07-13_13-15-55 [background-preinit] INFO  o.h.validator.internal.util.Version - HV000001: Hibernate Validator 6.1.7.Final
2022-07-13_13-15-55 [restartedMain] INFO  o.s.b.d.e.DevToolsPropertyDefaultsPostProcessor - Devtools property defaults active! Set 'spring.devtools.add-properties' to 'false' to disable
2022-07-13_13-15-55 [restartedMain] INFO  o.s.b.d.e.DevToolsPropertyDefaultsPostProcessor - For additional web related logging consider setting the 'logging.level.web' property to 'DEBUG'
2022-07-13_13-15-55 [restartedMain] INFO  o.s.d.r.c.RepositoryConfigurationDelegate - Bootstrapping Spring Data JPA repositories in DEFAULT mode.
2022-07-13_13-15-55 [restartedMain] INFO  o.s.d.r.c.RepositoryConfigurationDelegate - Finished Spring Data repository scanning in 55 ms. Found 2 JPA repository interfaces.
2022-07-13_13-15-55 [restartedMain] INFO  o.s.cloud.context.scope.GenericScope - BeanFactory id=6189258c-a865-304a-8a9a-5b935aec8e79
2022-07-13_13-15-55 [restartedMain] INFO  o.s.c.s.PostProcessorRegistrationDelegate$BeanPostProcessorChecker - Bean 'com.cognizant.pas.policy.feign.AuthorisingClient' of type [org.springframework.cloud.openfeign.FeignClientFactoryBean] is not eligible for getting processed by all BeanPostProcessors (for example: not eligible for auto-proxying)
2022-07-13_13-15-55 [restartedMain] INFO  o.s.c.s.PostProcessorRegistrationDelegate$BeanPostProcessorChecker - Bean 'com.cognizant.pas.policy.feign.ConsumerClient' of type [org.springframework.cloud.openfeign.FeignClientFactoryBean] is not eligible for getting processed by all BeanPostProcessors (for example: not eligible for auto-proxying)
2022-07-13_13-15-55 [restartedMain] INFO  o.s.c.s.PostProcessorRegistrationDelegate$BeanPostProcessorChecker - Bean 'com.cognizant.pas.policy.feign.QuotesClient' of type [org.springframework.cloud.openfeign.FeignClientFactoryBean] is not eligible for getting processed by all BeanPostProcessors (for example: not eligible for auto-proxying)
2022-07-13_13-15-55 [restartedMain] INFO  o.s.b.w.e.tomcat.TomcatWebServer - Tomcat initialized with port(s): 8300 (http)
2022-07-13_13-15-55 [restartedMain] INFO  o.a.coyote.http11.Http11NioProtocol - Initializing ProtocolHandler ["http-nio-8300"]
2022-07-13_13-15-55 [restartedMain] INFO  o.a.catalina.core.StandardService - Starting service [Tomcat]
2022-07-13_13-15-55 [restartedMain] INFO  o.a.catalina.core.StandardEngine - Starting Servlet engine: [Apache Tomcat/9.0.41]
2022-07-13_13-15-55 [restartedMain] INFO  o.a.c.c.C.[.[.[/policy-api] - Initializing Spring embedded WebApplicationContext
2022-07-13_13-15-55 [restartedMain] INFO  o.s.b.w.s.c.ServletWebServerApplicationContext - Root WebApplicationContext: initialization completed in 2046 ms
2022-07-13_13-15-55 [restartedMain] INFO  com.zaxxer.hikari.HikariDataSource - HikariPool-1 - Starting...
2022-07-13_13-15-55 [restartedMain] INFO  com.zaxxer.hikari.HikariDataSource - HikariPool-1 - Start completed.
2022-07-13_13-15-55 [restartedMain] INFO  o.s.b.a.h.H2ConsoleAutoConfiguration - H2 console available at '/db'. Database available at 'jdbc:h2:mem:pasdb'
2022-07-13_13-15-55 [restartedMain] INFO  o.h.jpa.internal.util.LogHelper - HHH000204: Processing PersistenceUnitInfo [name: default]
2022-07-13_13-15-55 [restartedMain] INFO  org.hibernate.Version - HHH000412: Hibernate ORM core version 5.4.27.Final
2022-07-13_13-15-55 [restartedMain] INFO  o.h.annotations.common.Version - HCANN000001: Hibernate Commons Annotations {5.1.2.Final}
2022-07-13_13-15-55 [restartedMain] INFO  org.hibernate.dialect.Dialect - HHH000400: Using dialect: org.hibernate.dialect.H2Dialect
2022-07-13_13-15-55 [restartedMain] INFO  o.h.e.t.j.p.i.JtaPlatformInitiator - HHH000490: Using JtaPlatform implementation: [org.hibernate.engine.transaction.jta.platform.internal.NoJtaPlatform]
2022-07-13_13-15-55 [restartedMain] INFO  o.s.o.j.LocalContainerEntityManagerFactoryBean - Initialized JPA EntityManagerFactory for persistence unit 'default'
2022-07-13_13-15-55 [restartedMain] INFO  s.d.s.w.PropertySourcedRequestMappingHandlerMapping - Mapped URL path [/v2/api-docs] onto method [springfox.documentation.swagger2.web.Swagger2Controller#getDocumentation(String, HttpServletRequest)]
2022-07-13_13-15-55 [restartedMain] INFO  o.s.s.c.ThreadPoolTaskExecutor - Initializing ExecutorService 'applicationTaskExecutor'
2022-07-13_13-15-55 [restartedMain] INFO  o.a.coyote.http11.Http11NioProtocol - Starting ProtocolHandler ["http-nio-8300"]
2022-07-13_13-15-55 [restartedMain] INFO  o.s.b.w.e.tomcat.TomcatWebServer - Tomcat started on port(s): 8300 (http) with context path '/policy-api'
2022-07-13_13-15-55 [restartedMain] INFO  s.d.s.w.p.DocumentationPluginsBootstrapper - Context refreshed
2022-07-13_13-15-55 [restartedMain] INFO  s.d.s.w.p.DocumentationPluginsBootstrapper - Found 1 custom documentation plugin(s)
2022-07-13_13-15-55 [restartedMain] INFO  s.d.s.w.s.ApiListingReferenceScanner - Scanning for api listing references
2022-07-13_13-15-55 [restartedMain] INFO  c.c.p.p.PolicyMicroserviceApplication - Started PolicyMicroserviceApplication in 5.827 seconds (JVM running for 6.382)
2022-07-13_13-15-55 [http-nio-8300-exec-2] INFO  o.a.c.c.C.[.[.[/policy-api] - Initializing Spring DispatcherServlet 'dispatcherServlet'
2022-07-13_13-15-55 [http-nio-8300-exec-2] INFO  o.s.web.servlet.DispatcherServlet - Initializing Servlet 'dispatcherServlet'
2022-07-13_13-15-55 [http-nio-8300-exec-2] INFO  o.s.web.servlet.DispatcherServlet - Completed initialization in 2 ms
2022-07-13_13-15-55 [http-nio-8300-exec-2] INFO  c.c.p.p.controller.PolicyController - Start getQuotes
2022-07-13_13-15-55 [http-nio-8300-exec-2] INFO  c.c.p.p.service.PolicyServiceImpl - Start getQuotesService
2022-07-13_13-15-55 [http-nio-8300-exec-2] INFO  c.c.p.p.service.PolicyServiceImpl - End getQuotesService
2022-07-13_13-15-55 [http-nio-8300-exec-2] INFO  c.c.p.p.controller.PolicyController - End getQuotes
2022-07-13_13-15-55 [http-nio-8300-exec-4] INFO  c.c.p.p.controller.PolicyController - Start getQuotes
2022-07-13_13-15-55 [http-nio-8300-exec-7] INFO  c.c.p.p.controller.PolicyController - Start getQuotes
2022-07-13_13-15-55 [http-nio-8300-exec-9] INFO  c.c.p.p.controller.PolicyController - Start getQuotes
2022-07-13_14-41-02 [restartedMain] INFO  c.c.p.p.PolicyMicroserviceApplication - Starting PolicyMicroserviceApplication using Java 1.8.0_333 on DESKTOP-8M9QV5O with PID 8448 (C:\Users\lenovo\Desktop\MFPE\Files-Microservices\New folder\Policy-Microservice\target\classes started by lenovo in C:\Users\lenovo\Desktop\MFPE\Files-Microservices\New folder\Policy-Microservice)
2022-07-13_14-41-02 [background-preinit] INFO  o.h.validator.internal.util.Version - HV000001: Hibernate Validator 6.1.7.Final
2022-07-13_14-41-02 [restartedMain] INFO  c.c.p.p.PolicyMicroserviceApplication - No active profile set, falling back to default profiles: default
2022-07-13_14-41-02 [restartedMain] INFO  o.s.b.d.e.DevToolsPropertyDefaultsPostProcessor - Devtools property defaults active! Set 'spring.devtools.add-properties' to 'false' to disable
2022-07-13_14-41-02 [restartedMain] INFO  o.s.b.d.e.DevToolsPropertyDefaultsPostProcessor - For additional web related logging consider setting the 'logging.level.web' property to 'DEBUG'
2022-07-13_14-41-02 [restartedMain] INFO  o.s.d.r.c.RepositoryConfigurationDelegate - Bootstrapping Spring Data JPA repositories in DEFAULT mode.
2022-07-13_14-41-02 [restartedMain] INFO  o.s.d.r.c.RepositoryConfigurationDelegate - Finished Spring Data repository scanning in 49 ms. Found 2 JPA repository interfaces.
2022-07-13_14-41-02 [restartedMain] INFO  o.s.cloud.context.scope.GenericScope - BeanFactory id=6189258c-a865-304a-8a9a-5b935aec8e79
2022-07-13_14-41-02 [restartedMain] INFO  o.s.c.s.PostProcessorRegistrationDelegate$BeanPostProcessorChecker - Bean 'com.cognizant.pas.policy.feign.AuthorisingClient' of type [org.springframework.cloud.openfeign.FeignClientFactoryBean] is not eligible for getting processed by all BeanPostProcessors (for example: not eligible for auto-proxying)
2022-07-13_14-41-02 [restartedMain] INFO  o.s.c.s.PostProcessorRegistrationDelegate$BeanPostProcessorChecker - Bean 'com.cognizant.pas.policy.feign.ConsumerClient' of type [org.springframework.cloud.openfeign.FeignClientFactoryBean] is not eligible for getting processed by all BeanPostProcessors (for example: not eligible for auto-proxying)
2022-07-13_14-41-02 [restartedMain] INFO  o.s.c.s.PostProcessorRegistrationDelegate$BeanPostProcessorChecker - Bean 'com.cognizant.pas.policy.feign.QuotesClient' of type [org.springframework.cloud.openfeign.FeignClientFactoryBean] is not eligible for getting processed by all BeanPostProcessors (for example: not eligible for auto-proxying)
2022-07-13_14-41-02 [restartedMain] INFO  o.s.b.w.e.tomcat.TomcatWebServer - Tomcat initialized with port(s): 8300 (http)
2022-07-13_14-41-02 [restartedMain] INFO  o.a.coyote.http11.Http11NioProtocol - Initializing ProtocolHandler ["http-nio-8300"]
2022-07-13_14-41-02 [restartedMain] INFO  o.a.catalina.core.StandardService - Starting service [Tomcat]
2022-07-13_14-41-02 [restartedMain] INFO  o.a.catalina.core.StandardEngine - Starting Servlet engine: [Apache Tomcat/9.0.41]
2022-07-13_14-41-02 [restartedMain] INFO  o.a.c.c.C.[.[.[/policy-api] - Initializing Spring embedded WebApplicationContext
2022-07-13_14-41-02 [restartedMain] INFO  o.s.b.w.s.c.ServletWebServerApplicationContext - Root WebApplicationContext: initialization completed in 1857 ms
2022-07-13_14-41-02 [restartedMain] INFO  com.zaxxer.hikari.HikariDataSource - HikariPool-1 - Starting...
2022-07-13_14-41-02 [restartedMain] INFO  com.zaxxer.hikari.HikariDataSource - HikariPool-1 - Start completed.
2022-07-13_14-41-02 [restartedMain] INFO  o.s.b.a.h.H2ConsoleAutoConfiguration - H2 console available at '/db'. Database available at 'jdbc:h2:mem:pasdb'
2022-07-13_14-41-02 [restartedMain] INFO  o.h.jpa.internal.util.LogHelper - HHH000204: Processing PersistenceUnitInfo [name: default]
2022-07-13_14-41-02 [restartedMain] INFO  org.hibernate.Version - HHH000412: Hibernate ORM core version 5.4.27.Final
2022-07-13_14-41-02 [restartedMain] INFO  o.h.annotations.common.Version - HCANN000001: Hibernate Commons Annotations {5.1.2.Final}
2022-07-13_14-41-02 [restartedMain] INFO  org.hibernate.dialect.Dialect - HHH000400: Using dialect: org.hibernate.dialect.H2Dialect
2022-07-13_14-41-02 [restartedMain] INFO  o.h.e.t.j.p.i.JtaPlatformInitiator - HHH000490: Using JtaPlatform implementation: [org.hibernate.engine.transaction.jta.platform.internal.NoJtaPlatform]
2022-07-13_14-41-02 [restartedMain] INFO  o.s.o.j.LocalContainerEntityManagerFactoryBean - Initialized JPA EntityManagerFactory for persistence unit 'default'
2022-07-13_14-41-02 [restartedMain] INFO  s.d.s.w.PropertySourcedRequestMappingHandlerMapping - Mapped URL path [/v2/api-docs] onto method [springfox.documentation.swagger2.web.Swagger2Controller#getDocumentation(String, HttpServletRequest)]
2022-07-13_14-41-02 [restartedMain] INFO  o.s.s.c.ThreadPoolTaskExecutor - Initializing ExecutorService 'applicationTaskExecutor'
2022-07-13_14-41-02 [restartedMain] INFO  o.a.coyote.http11.Http11NioProtocol - Starting ProtocolHandler ["http-nio-8300"]
2022-07-13_14-41-02 [restartedMain] INFO  o.s.b.w.e.tomcat.TomcatWebServer - Tomcat started on port(s): 8300 (http) with context path '/policy-api'
2022-07-13_14-41-02 [restartedMain] INFO  s.d.s.w.p.DocumentationPluginsBootstrapper - Context refreshed
2022-07-13_14-41-02 [restartedMain] INFO  s.d.s.w.p.DocumentationPluginsBootstrapper - Found 1 custom documentation plugin(s)
2022-07-13_14-41-02 [restartedMain] INFO  s.d.s.w.s.ApiListingReferenceScanner - Scanning for api listing references
2022-07-13_14-41-02 [restartedMain] INFO  c.c.p.p.PolicyMicroserviceApplication - Started PolicyMicroserviceApplication in 5.751 seconds (JVM running for 6.305)
2022-07-13_14-41-02 [http-nio-8300-exec-1] INFO  o.a.c.c.C.[.[.[/policy-api] - Initializing Spring DispatcherServlet 'dispatcherServlet'
2022-07-13_14-41-02 [http-nio-8300-exec-1] INFO  o.s.web.servlet.DispatcherServlet - Initializing Servlet 'dispatcherServlet'
2022-07-13_14-41-02 [http-nio-8300-exec-1] INFO  o.s.web.servlet.DispatcherServlet - Completed initialization in 3 ms
2022-07-13_14-41-02 [http-nio-8300-exec-1] INFO  c.c.p.p.controller.PolicyController - Start getQuotes
2022-07-13_14-41-02 [http-nio-8300-exec-1] INFO  c.c.p.p.service.PolicyServiceImpl - Start getQuotesService
2022-07-13_14-41-02 [http-nio-8300-exec-1] INFO  c.c.p.p.service.PolicyServiceImpl - End getQuotesService
2022-07-13_14-41-02 [http-nio-8300-exec-1] INFO  c.c.p.p.controller.PolicyController - End getQuotes
2022-07-13_14-41-02 [http-nio-8300-exec-6] INFO  c.c.p.p.controller.PolicyController - Start createPolicy
2022-07-13_14-41-02 [http-nio-8300-exec-6] INFO  c.c.p.p.service.PolicyServiceImpl - Start createPolicyService
2022-07-13_14-41-02 [http-nio-8300-exec-6] INFO  c.c.p.p.service.PolicyServiceImpl - Start getConsumerBusiness
2022-07-13_14-41-02 [http-nio-8300-exec-6] INFO  c.c.p.p.service.PolicyServiceImpl - End getConsumerBusiness
2022-07-13_14-41-02 [http-nio-8300-exec-6] INFO  c.c.p.p.service.PolicyServiceImpl - End createPolicyService
2022-07-13_14-41-02 [http-nio-8300-exec-6] INFO  c.c.p.p.controller.PolicyController - End createPolicy
2022-07-13_14-41-02 [http-nio-8300-exec-10] INFO  c.c.p.p.controller.PolicyController - Start issuePolicy
2022-07-13_14-41-02 [http-nio-8300-exec-1] INFO  c.c.p.p.controller.PolicyController - Start issuePolicy
2022-07-13_14-41-02 [http-nio-8300-exec-2] INFO  c.c.p.p.controller.PolicyController - Start issuePolicy
2022-07-13_14-41-02 [Thread-1] INFO  o.s.s.c.ThreadPoolTaskExecutor - Shutting down ExecutorService 'applicationTaskExecutor'
2022-07-13_14-41-02 [Thread-1] INFO  o.s.o.j.LocalContainerEntityManagerFactoryBean - Closing JPA EntityManagerFactory for persistence unit 'default'
2022-07-13_14-41-02 [Thread-1] INFO  o.h.t.s.i.SchemaDropperImpl$DelayedDropActionImpl - HHH000477: Starting delayed evictData of schema as part of SessionFactory shut-down'
2022-07-13_14-41-02 [Thread-1] INFO  com.zaxxer.hikari.HikariDataSource - HikariPool-1 - Shutdown initiated...
2022-07-13_14-41-02 [Thread-1] INFO  com.zaxxer.hikari.HikariDataSource - HikariPool-1 - Shutdown completed.
2022-07-13_15-07-55 [restartedMain] INFO  c.c.p.p.PolicyMicroserviceApplication - Starting PolicyMicroserviceApplication using Java 1.8.0_333 on DESKTOP-8M9QV5O with PID 8448 (C:\Users\lenovo\Desktop\MFPE\Files-Microservices\New folder\Policy-Microservice\target\classes started by lenovo in C:\Users\lenovo\Desktop\MFPE\Files-Microservices\New folder\Policy-Microservice)
2022-07-13_15-07-55 [restartedMain] INFO  c.c.p.p.PolicyMicroserviceApplication - No active profile set, falling back to default profiles: default
2022-07-13_15-07-55 [restartedMain] INFO  o.s.d.r.c.RepositoryConfigurationDelegate - Bootstrapping Spring Data JPA repositories in DEFAULT mode.
2022-07-13_15-07-55 [restartedMain] INFO  o.s.d.r.c.RepositoryConfigurationDelegate - Finished Spring Data repository scanning in 20 ms. Found 2 JPA repository interfaces.
2022-07-13_15-07-55 [restartedMain] INFO  o.s.cloud.context.scope.GenericScope - BeanFactory id=6189258c-a865-304a-8a9a-5b935aec8e79
2022-07-13_15-07-55 [restartedMain] INFO  o.s.c.s.PostProcessorRegistrationDelegate$BeanPostProcessorChecker - Bean 'com.cognizant.pas.policy.feign.AuthorisingClient' of type [org.springframework.cloud.openfeign.FeignClientFactoryBean] is not eligible for getting processed by all BeanPostProcessors (for example: not eligible for auto-proxying)
2022-07-13_15-07-55 [restartedMain] INFO  o.s.c.s.PostProcessorRegistrationDelegate$BeanPostProcessorChecker - Bean 'com.cognizant.pas.policy.feign.ConsumerClient' of type [org.springframework.cloud.openfeign.FeignClientFactoryBean] is not eligible for getting processed by all BeanPostProcessors (for example: not eligible for auto-proxying)
2022-07-13_15-07-55 [restartedMain] INFO  o.s.c.s.PostProcessorRegistrationDelegate$BeanPostProcessorChecker - Bean 'com.cognizant.pas.policy.feign.QuotesClient' of type [org.springframework.cloud.openfeign.FeignClientFactoryBean] is not eligible for getting processed by all BeanPostProcessors (for example: not eligible for auto-proxying)
2022-07-13_15-07-55 [restartedMain] INFO  o.s.b.w.e.tomcat.TomcatWebServer - Tomcat initialized with port(s): 8300 (http)
2022-07-13_15-07-55 [restartedMain] INFO  o.a.coyote.http11.Http11NioProtocol - Initializing ProtocolHandler ["http-nio-8300"]
2022-07-13_15-07-55 [restartedMain] INFO  o.a.catalina.core.StandardService - Starting service [Tomcat]
2022-07-13_15-07-55 [restartedMain] INFO  o.a.catalina.core.StandardEngine - Starting Servlet engine: [Apache Tomcat/9.0.41]
2022-07-13_15-07-55 [restartedMain] INFO  o.a.c.c.C.[.[.[/policy-api] - Initializing Spring embedded WebApplicationContext
2022-07-13_15-07-55 [restartedMain] INFO  o.s.b.w.s.c.ServletWebServerApplicationContext - Root WebApplicationContext: initialization completed in 472 ms
2022-07-13_15-07-55 [restartedMain] INFO  com.zaxxer.hikari.HikariDataSource - HikariPool-2 - Starting...
2022-07-13_15-07-55 [restartedMain] INFO  com.zaxxer.hikari.HikariDataSource - HikariPool-2 - Start completed.
2022-07-13_15-07-55 [restartedMain] INFO  o.s.b.a.h.H2ConsoleAutoConfiguration - H2 console available at '/db'. Database available at 'jdbc:h2:mem:pasdb'
2022-07-13_15-07-55 [restartedMain] INFO  o.h.jpa.internal.util.LogHelper - HHH000204: Processing PersistenceUnitInfo [name: default]
2022-07-13_15-07-55 [restartedMain] INFO  org.hibernate.dialect.Dialect - HHH000400: Using dialect: org.hibernate.dialect.H2Dialect
2022-07-13_15-07-55 [restartedMain] INFO  o.h.e.t.j.p.i.JtaPlatformInitiator - HHH000490: Using JtaPlatform implementation: [org.hibernate.engine.transaction.jta.platform.internal.NoJtaPlatform]
2022-07-13_15-07-55 [restartedMain] INFO  o.s.o.j.LocalContainerEntityManagerFactoryBean - Initialized JPA EntityManagerFactory for persistence unit 'default'
2022-07-13_15-07-55 [restartedMain] INFO  s.d.s.w.PropertySourcedRequestMappingHandlerMapping - Mapped URL path [/v2/api-docs] onto method [springfox.documentation.swagger2.web.Swagger2Controller#getDocumentation(String, HttpServletRequest)]
2022-07-13_15-07-55 [restartedMain] INFO  o.s.s.c.ThreadPoolTaskExecutor - Initializing ExecutorService 'applicationTaskExecutor'
2022-07-13_15-07-55 [restartedMain] INFO  o.a.coyote.http11.Http11NioProtocol - Starting ProtocolHandler ["http-nio-8300"]
2022-07-13_15-07-55 [restartedMain] INFO  o.s.b.w.e.tomcat.TomcatWebServer - Tomcat started on port(s): 8300 (http) with context path '/policy-api'
2022-07-13_15-07-55 [restartedMain] INFO  s.d.s.w.p.DocumentationPluginsBootstrapper - Context refreshed
2022-07-13_15-07-55 [restartedMain] INFO  s.d.s.w.p.DocumentationPluginsBootstrapper - Found 1 custom documentation plugin(s)
2022-07-13_15-07-55 [restartedMain] INFO  s.d.s.w.s.ApiListingReferenceScanner - Scanning for api listing references
2022-07-13_15-07-55 [restartedMain] INFO  c.c.p.p.PolicyMicroserviceApplication - Started PolicyMicroserviceApplication in 1.824 seconds (JVM running for 1616.21)
2022-07-13_15-07-55 [restartedMain] INFO  o.s.b.d.a.ConditionEvaluationDeltaLoggingListener - Condition evaluation unchanged
2022-07-13_15-07-55 [Thread-11] INFO  o.s.s.c.ThreadPoolTaskExecutor - Shutting down ExecutorService 'applicationTaskExecutor'
2022-07-13_15-07-55 [Thread-11] INFO  o.s.o.j.LocalContainerEntityManagerFactoryBean - Closing JPA EntityManagerFactory for persistence unit 'default'
2022-07-13_15-07-55 [Thread-11] INFO  o.h.t.s.i.SchemaDropperImpl$DelayedDropActionImpl - HHH000477: Starting delayed evictData of schema as part of SessionFactory shut-down'
2022-07-13_15-07-55 [Thread-11] INFO  com.zaxxer.hikari.HikariDataSource - HikariPool-2 - Shutdown initiated...
2022-07-13_15-07-55 [Thread-11] INFO  com.zaxxer.hikari.HikariDataSource - HikariPool-2 - Shutdown completed.
2022-07-13_15-08-03 [restartedMain] INFO  c.c.p.p.PolicyMicroserviceApplication - Starting PolicyMicroserviceApplication using Java 1.8.0_333 on DESKTOP-8M9QV5O with PID 8448 (C:\Users\lenovo\Desktop\MFPE\Files-Microservices\New folder\Policy-Microservice\target\classes started by lenovo in C:\Users\lenovo\Desktop\MFPE\Files-Microservices\New folder\Policy-Microservice)
2022-07-13_15-08-03 [restartedMain] INFO  c.c.p.p.PolicyMicroserviceApplication - No active profile set, falling back to default profiles: default
2022-07-13_15-08-03 [restartedMain] INFO  o.s.d.r.c.RepositoryConfigurationDelegate - Bootstrapping Spring Data JPA repositories in DEFAULT mode.
2022-07-13_15-08-03 [restartedMain] INFO  o.s.d.r.c.RepositoryConfigurationDelegate - Finished Spring Data repository scanning in 22 ms. Found 2 JPA repository interfaces.
2022-07-13_15-08-03 [restartedMain] INFO  o.s.cloud.context.scope.GenericScope - BeanFactory id=6189258c-a865-304a-8a9a-5b935aec8e79
2022-07-13_15-08-03 [restartedMain] INFO  o.s.c.s.PostProcessorRegistrationDelegate$BeanPostProcessorChecker - Bean 'com.cognizant.pas.policy.feign.AuthorisingClient' of type [org.springframework.cloud.openfeign.FeignClientFactoryBean] is not eligible for getting processed by all BeanPostProcessors (for example: not eligible for auto-proxying)
2022-07-13_15-08-03 [restartedMain] INFO  o.s.c.s.PostProcessorRegistrationDelegate$BeanPostProcessorChecker - Bean 'com.cognizant.pas.policy.feign.ConsumerClient' of type [org.springframework.cloud.openfeign.FeignClientFactoryBean] is not eligible for getting processed by all BeanPostProcessors (for example: not eligible for auto-proxying)
2022-07-13_15-08-03 [restartedMain] INFO  o.s.c.s.PostProcessorRegistrationDelegate$BeanPostProcessorChecker - Bean 'com.cognizant.pas.policy.feign.QuotesClient' of type [org.springframework.cloud.openfeign.FeignClientFactoryBean] is not eligible for getting processed by all BeanPostProcessors (for example: not eligible for auto-proxying)
2022-07-13_15-08-03 [restartedMain] INFO  o.s.b.w.e.tomcat.TomcatWebServer - Tomcat initialized with port(s): 8300 (http)
2022-07-13_15-08-03 [restartedMain] INFO  o.a.coyote.http11.Http11NioProtocol - Initializing ProtocolHandler ["http-nio-8300"]
2022-07-13_15-08-03 [restartedMain] INFO  o.a.catalina.core.StandardService - Starting service [Tomcat]
2022-07-13_15-08-03 [restartedMain] INFO  o.a.catalina.core.StandardEngine - Starting Servlet engine: [Apache Tomcat/9.0.41]
2022-07-13_15-08-03 [restartedMain] INFO  o.a.c.c.C.[.[.[/policy-api] - Initializing Spring embedded WebApplicationContext
2022-07-13_15-08-03 [restartedMain] INFO  o.s.b.w.s.c.ServletWebServerApplicationContext - Root WebApplicationContext: initialization completed in 425 ms
2022-07-13_15-08-03 [restartedMain] INFO  com.zaxxer.hikari.HikariDataSource - HikariPool-3 - Starting...
2022-07-13_15-08-03 [restartedMain] INFO  com.zaxxer.hikari.HikariDataSource - HikariPool-3 - Start completed.
2022-07-13_15-08-03 [restartedMain] INFO  o.s.b.a.h.H2ConsoleAutoConfiguration - H2 console available at '/db'. Database available at 'jdbc:h2:mem:pasdb'
2022-07-13_15-08-03 [restartedMain] INFO  o.h.jpa.internal.util.LogHelper - HHH000204: Processing PersistenceUnitInfo [name: default]
2022-07-13_15-08-03 [restartedMain] INFO  org.hibernate.dialect.Dialect - HHH000400: Using dialect: org.hibernate.dialect.H2Dialect
2022-07-13_15-08-03 [restartedMain] INFO  o.h.e.t.j.p.i.JtaPlatformInitiator - HHH000490: Using JtaPlatform implementation: [org.hibernate.engine.transaction.jta.platform.internal.NoJtaPlatform]
2022-07-13_15-08-03 [restartedMain] INFO  o.s.o.j.LocalContainerEntityManagerFactoryBean - Initialized JPA EntityManagerFactory for persistence unit 'default'
2022-07-13_15-08-03 [restartedMain] INFO  s.d.s.w.PropertySourcedRequestMappingHandlerMapping - Mapped URL path [/v2/api-docs] onto method [springfox.documentation.swagger2.web.Swagger2Controller#getDocumentation(String, HttpServletRequest)]
2022-07-13_15-08-03 [restartedMain] INFO  o.s.s.c.ThreadPoolTaskExecutor - Initializing ExecutorService 'applicationTaskExecutor'
2022-07-13_15-08-03 [restartedMain] INFO  o.a.coyote.http11.Http11NioProtocol - Starting ProtocolHandler ["http-nio-8300"]
2022-07-13_15-08-03 [restartedMain] INFO  o.s.b.w.e.tomcat.TomcatWebServer - Tomcat started on port(s): 8300 (http) with context path '/policy-api'
2022-07-13_15-08-03 [restartedMain] INFO  s.d.s.w.p.DocumentationPluginsBootstrapper - Context refreshed
2022-07-13_15-08-03 [restartedMain] INFO  s.d.s.w.p.DocumentationPluginsBootstrapper - Found 1 custom documentation plugin(s)
2022-07-13_15-08-03 [restartedMain] INFO  s.d.s.w.s.ApiListingReferenceScanner - Scanning for api listing references
2022-07-13_15-08-03 [restartedMain] INFO  c.c.p.p.PolicyMicroserviceApplication - Started PolicyMicroserviceApplication in 1.705 seconds (JVM running for 1623.411)
2022-07-13_15-08-03 [restartedMain] INFO  o.s.b.d.a.ConditionEvaluationDeltaLoggingListener - Condition evaluation unchanged
2022-07-13_15-08-03 [http-nio-8300-exec-1] INFO  o.a.c.c.C.[.[.[/policy-api] - Initializing Spring DispatcherServlet 'dispatcherServlet'
2022-07-13_15-08-03 [http-nio-8300-exec-1] INFO  o.s.web.servlet.DispatcherServlet - Initializing Servlet 'dispatcherServlet'
2022-07-13_15-08-03 [http-nio-8300-exec-1] INFO  o.s.web.servlet.DispatcherServlet - Completed initialization in 1 ms
2022-07-13_15-08-03 [Thread-19] INFO  o.s.s.c.ThreadPoolTaskExecutor - Shutting down ExecutorService 'applicationTaskExecutor'
2022-07-13_15-08-03 [Thread-19] INFO  o.s.o.j.LocalContainerEntityManagerFactoryBean - Closing JPA EntityManagerFactory for persistence unit 'default'
2022-07-13_15-08-03 [Thread-19] INFO  o.h.t.s.i.SchemaDropperImpl$DelayedDropActionImpl - HHH000477: Starting delayed evictData of schema as part of SessionFactory shut-down'
2022-07-13_15-08-03 [Thread-19] INFO  com.zaxxer.hikari.HikariDataSource - HikariPool-3 - Shutdown initiated...
2022-07-13_15-08-03 [Thread-19] INFO  com.zaxxer.hikari.HikariDataSource - HikariPool-3 - Shutdown completed.
2022-07-13_15-08-43 [restartedMain] INFO  c.c.p.p.PolicyMicroserviceApplication - Starting PolicyMicroserviceApplication using Java 1.8.0_333 on DESKTOP-8M9QV5O with PID 8448 (C:\Users\lenovo\Desktop\MFPE\Files-Microservices\New folder\Policy-Microservice\target\classes started by lenovo in C:\Users\lenovo\Desktop\MFPE\Files-Microservices\New folder\Policy-Microservice)
2022-07-13_15-08-43 [restartedMain] INFO  c.c.p.p.PolicyMicroserviceApplication - No active profile set, falling back to default profiles: default
2022-07-13_15-08-43 [restartedMain] INFO  o.s.d.r.c.RepositoryConfigurationDelegate - Bootstrapping Spring Data JPA repositories in DEFAULT mode.
2022-07-13_15-08-43 [restartedMain] INFO  o.s.d.r.c.RepositoryConfigurationDelegate - Finished Spring Data repository scanning in 15 ms. Found 2 JPA repository interfaces.
2022-07-13_15-08-43 [restartedMain] INFO  o.s.cloud.context.scope.GenericScope - BeanFactory id=6189258c-a865-304a-8a9a-5b935aec8e79
2022-07-13_15-08-43 [restartedMain] INFO  o.s.c.s.PostProcessorRegistrationDelegate$BeanPostProcessorChecker - Bean 'com.cognizant.pas.policy.feign.AuthorisingClient' of type [org.springframework.cloud.openfeign.FeignClientFactoryBean] is not eligible for getting processed by all BeanPostProcessors (for example: not eligible for auto-proxying)
2022-07-13_15-08-43 [restartedMain] INFO  o.s.c.s.PostProcessorRegistrationDelegate$BeanPostProcessorChecker - Bean 'com.cognizant.pas.policy.feign.ConsumerClient' of type [org.springframework.cloud.openfeign.FeignClientFactoryBean] is not eligible for getting processed by all BeanPostProcessors (for example: not eligible for auto-proxying)
2022-07-13_15-08-43 [restartedMain] INFO  o.s.c.s.PostProcessorRegistrationDelegate$BeanPostProcessorChecker - Bean 'com.cognizant.pas.policy.feign.QuotesClient' of type [org.springframework.cloud.openfeign.FeignClientFactoryBean] is not eligible for getting processed by all BeanPostProcessors (for example: not eligible for auto-proxying)
2022-07-13_15-08-43 [restartedMain] INFO  o.s.b.w.e.tomcat.TomcatWebServer - Tomcat initialized with port(s): 8300 (http)
2022-07-13_15-08-43 [restartedMain] INFO  o.a.coyote.http11.Http11NioProtocol - Initializing ProtocolHandler ["http-nio-8300"]
2022-07-13_15-08-43 [restartedMain] INFO  o.a.catalina.core.StandardService - Starting service [Tomcat]
2022-07-13_15-08-43 [restartedMain] INFO  o.a.catalina.core.StandardEngine - Starting Servlet engine: [Apache Tomcat/9.0.41]
2022-07-13_15-08-43 [restartedMain] INFO  o.a.c.c.C.[.[.[/policy-api] - Initializing Spring embedded WebApplicationContext
2022-07-13_15-08-43 [restartedMain] INFO  o.s.b.w.s.c.ServletWebServerApplicationContext - Root WebApplicationContext: initialization completed in 387 ms
2022-07-13_15-08-43 [restartedMain] INFO  com.zaxxer.hikari.HikariDataSource - HikariPool-4 - Starting...
2022-07-13_15-08-43 [restartedMain] INFO  com.zaxxer.hikari.HikariDataSource - HikariPool-4 - Start completed.
2022-07-13_15-08-43 [restartedMain] INFO  o.s.b.a.h.H2ConsoleAutoConfiguration - H2 console available at '/db'. Database available at 'jdbc:h2:mem:pasdb'
2022-07-13_15-08-43 [restartedMain] INFO  o.h.jpa.internal.util.LogHelper - HHH000204: Processing PersistenceUnitInfo [name: default]
2022-07-13_15-08-43 [restartedMain] INFO  org.hibernate.dialect.Dialect - HHH000400: Using dialect: org.hibernate.dialect.H2Dialect
2022-07-13_15-08-43 [restartedMain] INFO  o.h.e.t.j.p.i.JtaPlatformInitiator - HHH000490: Using JtaPlatform implementation: [org.hibernate.engine.transaction.jta.platform.internal.NoJtaPlatform]
2022-07-13_15-08-43 [restartedMain] INFO  o.s.o.j.LocalContainerEntityManagerFactoryBean - Initialized JPA EntityManagerFactory for persistence unit 'default'
2022-07-13_15-08-43 [restartedMain] INFO  s.d.s.w.PropertySourcedRequestMappingHandlerMapping - Mapped URL path [/v2/api-docs] onto method [springfox.documentation.swagger2.web.Swagger2Controller#getDocumentation(String, HttpServletRequest)]
2022-07-13_15-08-43 [restartedMain] INFO  o.s.s.c.ThreadPoolTaskExecutor - Initializing ExecutorService 'applicationTaskExecutor'
2022-07-13_15-08-43 [restartedMain] INFO  o.a.coyote.http11.Http11NioProtocol - Starting ProtocolHandler ["http-nio-8300"]
2022-07-13_15-08-43 [restartedMain] INFO  o.s.b.w.e.tomcat.TomcatWebServer - Tomcat started on port(s): 8300 (http) with context path '/policy-api'
2022-07-13_15-08-43 [restartedMain] INFO  s.d.s.w.p.DocumentationPluginsBootstrapper - Context refreshed
2022-07-13_15-08-43 [restartedMain] INFO  s.d.s.w.p.DocumentationPluginsBootstrapper - Found 1 custom documentation plugin(s)
2022-07-13_15-08-43 [restartedMain] INFO  s.d.s.w.s.ApiListingReferenceScanner - Scanning for api listing references
2022-07-13_15-08-43 [restartedMain] INFO  c.c.p.p.PolicyMicroserviceApplication - Started PolicyMicroserviceApplication in 1.635 seconds (JVM running for 1663.39)
2022-07-13_15-08-43 [restartedMain] INFO  o.s.b.d.a.ConditionEvaluationDeltaLoggingListener - Condition evaluation unchanged
2022-07-13_15-08-43 [http-nio-8300-exec-2] INFO  o.a.c.c.C.[.[.[/policy-api] - Initializing Spring DispatcherServlet 'dispatcherServlet'
2022-07-13_15-08-43 [http-nio-8300-exec-2] INFO  o.s.web.servlet.DispatcherServlet - Initializing Servlet 'dispatcherServlet'
2022-07-13_15-08-43 [http-nio-8300-exec-2] INFO  o.s.web.servlet.DispatcherServlet - Completed initialization in 2 ms
2022-07-13_15-08-43 [http-nio-8300-exec-4] INFO  c.c.p.p.controller.PolicyController - Start viewPolicy
2022-07-13_15-08-43 [http-nio-8300-exec-6] INFO  c.c.p.p.controller.PolicyController - Start viewPolicy
2022-07-13_17-13-19 [background-preinit] INFO  o.h.validator.internal.util.Version - HV000001: Hibernate Validator 6.1.7.Final
2022-07-13_17-13-19 [restartedMain] INFO  c.c.p.p.PolicyMicroserviceApplication - Starting PolicyMicroserviceApplication using Java 1.8.0_333 on DESKTOP-8M9QV5O with PID 14528 (C:\Users\lenovo\Desktop\MFPE\Files-Microservices\New folder\Policy-Microservice\target\classes started by lenovo in C:\Users\lenovo\Desktop\MFPE\Files-Microservices\New folder\Policy-Microservice)
2022-07-13_17-13-19 [restartedMain] INFO  c.c.p.p.PolicyMicroserviceApplication - No active profile set, falling back to default profiles: default
2022-07-13_17-13-19 [restartedMain] INFO  o.s.b.d.e.DevToolsPropertyDefaultsPostProcessor - Devtools property defaults active! Set 'spring.devtools.add-properties' to 'false' to disable
2022-07-13_17-13-19 [restartedMain] INFO  o.s.b.d.e.DevToolsPropertyDefaultsPostProcessor - For additional web related logging consider setting the 'logging.level.web' property to 'DEBUG'
2022-07-13_17-13-19 [restartedMain] INFO  o.s.d.r.c.RepositoryConfigurationDelegate - Bootstrapping Spring Data JPA repositories in DEFAULT mode.
2022-07-13_17-13-19 [restartedMain] INFO  o.s.d.r.c.RepositoryConfigurationDelegate - Finished Spring Data repository scanning in 54 ms. Found 2 JPA repository interfaces.
2022-07-13_17-13-19 [restartedMain] INFO  o.s.cloud.context.scope.GenericScope - BeanFactory id=6189258c-a865-304a-8a9a-5b935aec8e79
2022-07-13_17-13-19 [restartedMain] INFO  o.s.c.s.PostProcessorRegistrationDelegate$BeanPostProcessorChecker - Bean 'com.cognizant.pas.policy.feign.AuthorisingClient' of type [org.springframework.cloud.openfeign.FeignClientFactoryBean] is not eligible for getting processed by all BeanPostProcessors (for example: not eligible for auto-proxying)
2022-07-13_17-13-19 [restartedMain] INFO  o.s.c.s.PostProcessorRegistrationDelegate$BeanPostProcessorChecker - Bean 'com.cognizant.pas.policy.feign.ConsumerClient' of type [org.springframework.cloud.openfeign.FeignClientFactoryBean] is not eligible for getting processed by all BeanPostProcessors (for example: not eligible for auto-proxying)
2022-07-13_17-13-19 [restartedMain] INFO  o.s.c.s.PostProcessorRegistrationDelegate$BeanPostProcessorChecker - Bean 'com.cognizant.pas.policy.feign.QuotesClient' of type [org.springframework.cloud.openfeign.FeignClientFactoryBean] is not eligible for getting processed by all BeanPostProcessors (for example: not eligible for auto-proxying)
2022-07-13_17-13-19 [restartedMain] INFO  o.s.b.w.e.tomcat.TomcatWebServer - Tomcat initialized with port(s): 8300 (http)
2022-07-13_17-13-19 [restartedMain] INFO  o.a.coyote.http11.Http11NioProtocol - Initializing ProtocolHandler ["http-nio-8300"]
2022-07-13_17-13-19 [restartedMain] INFO  o.a.catalina.core.StandardService - Starting service [Tomcat]
2022-07-13_17-13-19 [restartedMain] INFO  o.a.catalina.core.StandardEngine - Starting Servlet engine: [Apache Tomcat/9.0.41]
2022-07-13_17-13-19 [restartedMain] INFO  o.a.c.c.C.[.[.[/policy-api] - Initializing Spring embedded WebApplicationContext
2022-07-13_17-13-19 [restartedMain] INFO  o.s.b.w.s.c.ServletWebServerApplicationContext - Root WebApplicationContext: initialization completed in 2267 ms
2022-07-13_17-13-19 [restartedMain] INFO  com.zaxxer.hikari.HikariDataSource - HikariPool-1 - Starting...
2022-07-13_17-13-19 [restartedMain] INFO  com.zaxxer.hikari.HikariDataSource - HikariPool-1 - Start completed.
2022-07-13_17-13-19 [restartedMain] INFO  o.s.b.a.h.H2ConsoleAutoConfiguration - H2 console available at '/db'. Database available at 'jdbc:h2:mem:pasdb'
2022-07-13_17-13-19 [restartedMain] INFO  o.h.jpa.internal.util.LogHelper - HHH000204: Processing PersistenceUnitInfo [name: default]
2022-07-13_17-13-19 [restartedMain] INFO  org.hibernate.Version - HHH000412: Hibernate ORM core version 5.4.27.Final
2022-07-13_17-13-19 [restartedMain] INFO  o.h.annotations.common.Version - HCANN000001: Hibernate Commons Annotations {5.1.2.Final}
2022-07-13_17-13-19 [restartedMain] INFO  org.hibernate.dialect.Dialect - HHH000400: Using dialect: org.hibernate.dialect.H2Dialect
2022-07-13_17-13-19 [restartedMain] INFO  o.h.e.t.j.p.i.JtaPlatformInitiator - HHH000490: Using JtaPlatform implementation: [org.hibernate.engine.transaction.jta.platform.internal.NoJtaPlatform]
2022-07-13_17-13-19 [restartedMain] INFO  o.s.o.j.LocalContainerEntityManagerFactoryBean - Initialized JPA EntityManagerFactory for persistence unit 'default'
2022-07-13_17-13-19 [restartedMain] INFO  s.d.s.w.PropertySourcedRequestMappingHandlerMapping - Mapped URL path [/v2/api-docs] onto method [springfox.documentation.swagger2.web.Swagger2Controller#getDocumentation(String, HttpServletRequest)]
2022-07-13_17-13-19 [restartedMain] INFO  o.s.s.c.ThreadPoolTaskExecutor - Initializing ExecutorService 'applicationTaskExecutor'
2022-07-13_17-13-19 [restartedMain] INFO  o.a.coyote.http11.Http11NioProtocol - Starting ProtocolHandler ["http-nio-8300"]
2022-07-13_17-13-19 [restartedMain] INFO  o.s.b.w.e.tomcat.TomcatWebServer - Tomcat started on port(s): 8300 (http) with context path '/policy-api'
2022-07-13_17-13-19 [restartedMain] INFO  s.d.s.w.p.DocumentationPluginsBootstrapper - Context refreshed
2022-07-13_17-13-19 [restartedMain] INFO  s.d.s.w.p.DocumentationPluginsBootstrapper - Found 1 custom documentation plugin(s)
2022-07-13_17-13-19 [restartedMain] INFO  s.d.s.w.s.ApiListingReferenceScanner - Scanning for api listing references
2022-07-13_17-13-19 [restartedMain] INFO  c.c.p.p.PolicyMicroserviceApplication - Started PolicyMicroserviceApplication in 7.492 seconds (JVM running for 8.127)
2022-07-13_17-13-19 [http-nio-8300-exec-1] INFO  o.a.c.c.C.[.[.[/policy-api] - Initializing Spring DispatcherServlet 'dispatcherServlet'
2022-07-13_17-13-19 [http-nio-8300-exec-1] INFO  o.s.web.servlet.DispatcherServlet - Initializing Servlet 'dispatcherServlet'
2022-07-13_17-13-19 [http-nio-8300-exec-1] INFO  o.s.web.servlet.DispatcherServlet - Completed initialization in 1 ms
2022-07-13_17-13-19 [http-nio-8300-exec-1] INFO  c.c.p.p.controller.PolicyController - Start getQuotes
2022-07-13_17-13-19 [http-nio-8300-exec-1] INFO  c.c.p.p.service.PolicyServiceImpl - Start getQuotesService
2022-07-13_17-13-19 [http-nio-8300-exec-1] INFO  c.c.p.p.service.PolicyServiceImpl - End getQuotesService
2022-07-13_17-13-19 [http-nio-8300-exec-1] INFO  c.c.p.p.controller.PolicyController - End getQuotes
2022-07-13_17-13-19 [http-nio-8300-exec-3] INFO  c.c.p.p.controller.PolicyController - Start createPolicy
2022-07-13_17-13-19 [http-nio-8300-exec-3] INFO  c.c.p.p.service.PolicyServiceImpl - Start createPolicyService
2022-07-13_17-13-19 [http-nio-8300-exec-3] INFO  c.c.p.p.service.PolicyServiceImpl - Start getConsumerBusiness
2022-07-13_17-13-19 [http-nio-8300-exec-3] INFO  c.c.p.p.service.PolicyServiceImpl - End getConsumerBusiness
2022-07-13_17-13-19 [http-nio-8300-exec-3] INFO  c.c.p.p.service.PolicyServiceImpl - End createPolicyService
2022-07-13_17-13-19 [http-nio-8300-exec-3] INFO  c.c.p.p.controller.PolicyController - End createPolicy
2022-07-13_17-13-19 [http-nio-8300-exec-5] INFO  c.c.p.p.controller.PolicyController - Start issuePolicy
2022-07-13_17-13-19 [http-nio-8300-exec-7] INFO  c.c.p.p.controller.PolicyController - Start viewPolicy
2022-07-13_17-13-19 [http-nio-8300-exec-7] INFO  c.c.p.p.controller.PolicyController - Auth Successful
2022-07-13_17-13-19 [http-nio-8300-exec-9] INFO  c.c.p.p.controller.PolicyController - Start viewPolicy
2022-07-13_17-13-19 [http-nio-8300-exec-9] INFO  c.c.p.p.controller.PolicyController - Auth Successful
2022-07-13_17-13-19 [http-nio-8300-exec-8] INFO  c.c.p.p.controller.PolicyController - Start viewPolicy
2022-07-13_17-13-19 [http-nio-8300-exec-8] INFO  c.c.p.p.controller.PolicyController - Auth Successful
2022-07-13_17-13-19 [Thread-1] INFO  o.s.s.c.ThreadPoolTaskExecutor - Shutting down ExecutorService 'applicationTaskExecutor'
2022-07-13_17-13-19 [Thread-1] INFO  o.s.o.j.LocalContainerEntityManagerFactoryBean - Closing JPA EntityManagerFactory for persistence unit 'default'
2022-07-13_17-13-19 [Thread-1] INFO  o.h.t.s.i.SchemaDropperImpl$DelayedDropActionImpl - HHH000477: Starting delayed evictData of schema as part of SessionFactory shut-down'
2022-07-13_17-13-19 [Thread-1] INFO  com.zaxxer.hikari.HikariDataSource - HikariPool-1 - Shutdown initiated...
2022-07-13_17-13-19 [Thread-1] INFO  com.zaxxer.hikari.HikariDataSource - HikariPool-1 - Shutdown completed.
2022-07-13_17-46-29 [restartedMain] INFO  c.c.p.p.PolicyMicroserviceApplication - Starting PolicyMicroserviceApplication using Java 1.8.0_333 on DESKTOP-8M9QV5O with PID 14528 (C:\Users\lenovo\Desktop\MFPE\Files-Microservices\New folder\Policy-Microservice\target\classes started by lenovo in C:\Users\lenovo\Desktop\MFPE\Files-Microservices\New folder\Policy-Microservice)
2022-07-13_17-46-29 [restartedMain] INFO  c.c.p.p.PolicyMicroserviceApplication - No active profile set, falling back to default profiles: default
2022-07-13_17-46-29 [restartedMain] INFO  o.s.d.r.c.RepositoryConfigurationDelegate - Bootstrapping Spring Data JPA repositories in DEFAULT mode.
2022-07-13_17-46-29 [restartedMain] INFO  o.s.d.r.c.RepositoryConfigurationDelegate - Finished Spring Data repository scanning in 17 ms. Found 2 JPA repository interfaces.
2022-07-13_17-46-29 [restartedMain] INFO  o.s.cloud.context.scope.GenericScope - BeanFactory id=6189258c-a865-304a-8a9a-5b935aec8e79
2022-07-13_17-46-29 [restartedMain] INFO  o.s.c.s.PostProcessorRegistrationDelegate$BeanPostProcessorChecker - Bean 'com.cognizant.pas.policy.feign.AuthorisingClient' of type [org.springframework.cloud.openfeign.FeignClientFactoryBean] is not eligible for getting processed by all BeanPostProcessors (for example: not eligible for auto-proxying)
2022-07-13_17-46-29 [restartedMain] INFO  o.s.c.s.PostProcessorRegistrationDelegate$BeanPostProcessorChecker - Bean 'com.cognizant.pas.policy.feign.ConsumerClient' of type [org.springframework.cloud.openfeign.FeignClientFactoryBean] is not eligible for getting processed by all BeanPostProcessors (for example: not eligible for auto-proxying)
2022-07-13_17-46-29 [restartedMain] INFO  o.s.c.s.PostProcessorRegistrationDelegate$BeanPostProcessorChecker - Bean 'com.cognizant.pas.policy.feign.QuotesClient' of type [org.springframework.cloud.openfeign.FeignClientFactoryBean] is not eligible for getting processed by all BeanPostProcessors (for example: not eligible for auto-proxying)
2022-07-13_17-46-29 [restartedMain] INFO  o.s.b.w.e.tomcat.TomcatWebServer - Tomcat initialized with port(s): 8300 (http)
2022-07-13_17-46-29 [restartedMain] INFO  o.a.coyote.http11.Http11NioProtocol - Initializing ProtocolHandler ["http-nio-8300"]
2022-07-13_17-46-29 [restartedMain] INFO  o.a.catalina.core.StandardService - Starting service [Tomcat]
2022-07-13_17-46-29 [restartedMain] INFO  o.a.catalina.core.StandardEngine - Starting Servlet engine: [Apache Tomcat/9.0.41]
2022-07-13_17-46-29 [restartedMain] INFO  o.a.c.c.C.[.[.[/policy-api] - Initializing Spring embedded WebApplicationContext
2022-07-13_17-46-29 [restartedMain] INFO  o.s.b.w.s.c.ServletWebServerApplicationContext - Root WebApplicationContext: initialization completed in 499 ms
2022-07-13_17-46-29 [restartedMain] INFO  com.zaxxer.hikari.HikariDataSource - HikariPool-2 - Starting...
2022-07-13_17-46-29 [restartedMain] INFO  com.zaxxer.hikari.HikariDataSource - HikariPool-2 - Start completed.
2022-07-13_17-46-29 [restartedMain] INFO  o.s.b.a.h.H2ConsoleAutoConfiguration - H2 console available at '/db'. Database available at 'jdbc:h2:mem:pasdb'
2022-07-13_17-46-29 [restartedMain] INFO  o.h.jpa.internal.util.LogHelper - HHH000204: Processing PersistenceUnitInfo [name: default]
2022-07-13_17-46-29 [restartedMain] INFO  org.hibernate.dialect.Dialect - HHH000400: Using dialect: org.hibernate.dialect.H2Dialect
2022-07-13_17-46-29 [restartedMain] INFO  o.h.e.t.j.p.i.JtaPlatformInitiator - HHH000490: Using JtaPlatform implementation: [org.hibernate.engine.transaction.jta.platform.internal.NoJtaPlatform]
2022-07-13_17-46-29 [restartedMain] INFO  o.s.o.j.LocalContainerEntityManagerFactoryBean - Initialized JPA EntityManagerFactory for persistence unit 'default'
2022-07-13_17-46-29 [restartedMain] INFO  s.d.s.w.PropertySourcedRequestMappingHandlerMapping - Mapped URL path [/v2/api-docs] onto method [springfox.documentation.swagger2.web.Swagger2Controller#getDocumentation(String, HttpServletRequest)]
2022-07-13_17-46-29 [restartedMain] INFO  o.s.s.c.ThreadPoolTaskExecutor - Initializing ExecutorService 'applicationTaskExecutor'
2022-07-13_17-46-29 [restartedMain] INFO  o.a.coyote.http11.Http11NioProtocol - Starting ProtocolHandler ["http-nio-8300"]
2022-07-13_17-46-29 [restartedMain] INFO  o.s.b.w.e.tomcat.TomcatWebServer - Tomcat started on port(s): 8300 (http) with context path '/policy-api'
2022-07-13_17-46-29 [restartedMain] INFO  s.d.s.w.p.DocumentationPluginsBootstrapper - Context refreshed
2022-07-13_17-46-29 [restartedMain] INFO  s.d.s.w.p.DocumentationPluginsBootstrapper - Found 1 custom documentation plugin(s)
2022-07-13_17-46-29 [restartedMain] INFO  s.d.s.w.s.ApiListingReferenceScanner - Scanning for api listing references
2022-07-13_17-46-29 [restartedMain] INFO  c.c.p.p.PolicyMicroserviceApplication - Started PolicyMicroserviceApplication in 1.963 seconds (JVM running for 1993.362)
2022-07-13_17-46-29 [restartedMain] INFO  o.s.b.d.a.ConditionEvaluationDeltaLoggingListener - Condition evaluation unchanged
2022-07-13_17-46-29 [http-nio-8300-exec-1] INFO  o.a.c.c.C.[.[.[/policy-api] - Initializing Spring DispatcherServlet 'dispatcherServlet'
2022-07-13_17-46-29 [http-nio-8300-exec-1] INFO  o.s.web.servlet.DispatcherServlet - Initializing Servlet 'dispatcherServlet'
2022-07-13_17-46-29 [http-nio-8300-exec-1] INFO  o.s.web.servlet.DispatcherServlet - Completed initialization in 1 ms
2022-07-13_17-46-29 [http-nio-8300-exec-2] INFO  c.c.p.p.controller.PolicyController - Start viewPolicy
2022-07-13_18-00-29 [background-preinit] INFO  o.h.validator.internal.util.Version - HV000001: Hibernate Validator 6.1.7.Final
2022-07-13_18-00-29 [restartedMain] INFO  c.c.p.p.PolicyMicroserviceApplication - Starting PolicyMicroserviceApplication using Java 1.8.0_333 on DESKTOP-8M9QV5O with PID 15524 (C:\Users\lenovo\Desktop\MFPE\Files-Microservices\New folder\Policy-Microservice\target\classes started by lenovo in C:\Users\lenovo\Desktop\MFPE\Files-Microservices\New folder\Policy-Microservice)
2022-07-13_18-00-29 [restartedMain] INFO  c.c.p.p.PolicyMicroserviceApplication - No active profile set, falling back to default profiles: default
2022-07-13_18-00-29 [restartedMain] INFO  o.s.b.d.e.DevToolsPropertyDefaultsPostProcessor - Devtools property defaults active! Set 'spring.devtools.add-properties' to 'false' to disable
2022-07-13_18-00-29 [restartedMain] INFO  o.s.b.d.e.DevToolsPropertyDefaultsPostProcessor - For additional web related logging consider setting the 'logging.level.web' property to 'DEBUG'
2022-07-13_18-00-29 [restartedMain] INFO  o.s.d.r.c.RepositoryConfigurationDelegate - Bootstrapping Spring Data JPA repositories in DEFAULT mode.
2022-07-13_18-00-29 [restartedMain] INFO  o.s.d.r.c.RepositoryConfigurationDelegate - Finished Spring Data repository scanning in 53 ms. Found 2 JPA repository interfaces.
2022-07-13_18-00-29 [restartedMain] INFO  o.s.cloud.context.scope.GenericScope - BeanFactory id=6189258c-a865-304a-8a9a-5b935aec8e79
2022-07-13_18-00-29 [restartedMain] INFO  o.s.c.s.PostProcessorRegistrationDelegate$BeanPostProcessorChecker - Bean 'com.cognizant.pas.policy.feign.AuthorisingClient' of type [org.springframework.cloud.openfeign.FeignClientFactoryBean] is not eligible for getting processed by all BeanPostProcessors (for example: not eligible for auto-proxying)
2022-07-13_18-00-29 [restartedMain] INFO  o.s.c.s.PostProcessorRegistrationDelegate$BeanPostProcessorChecker - Bean 'com.cognizant.pas.policy.feign.ConsumerClient' of type [org.springframework.cloud.openfeign.FeignClientFactoryBean] is not eligible for getting processed by all BeanPostProcessors (for example: not eligible for auto-proxying)
2022-07-13_18-00-29 [restartedMain] INFO  o.s.c.s.PostProcessorRegistrationDelegate$BeanPostProcessorChecker - Bean 'com.cognizant.pas.policy.feign.QuotesClient' of type [org.springframework.cloud.openfeign.FeignClientFactoryBean] is not eligible for getting processed by all BeanPostProcessors (for example: not eligible for auto-proxying)
2022-07-13_18-00-29 [restartedMain] INFO  o.s.b.w.e.tomcat.TomcatWebServer - Tomcat initialized with port(s): 8300 (http)
2022-07-13_18-00-29 [restartedMain] INFO  o.a.coyote.http11.Http11NioProtocol - Initializing ProtocolHandler ["http-nio-8300"]
2022-07-13_18-00-29 [restartedMain] INFO  o.a.catalina.core.StandardService - Starting service [Tomcat]
2022-07-13_18-00-29 [restartedMain] INFO  o.a.catalina.core.StandardEngine - Starting Servlet engine: [Apache Tomcat/9.0.41]
2022-07-13_18-00-29 [restartedMain] INFO  o.a.c.c.C.[.[.[/policy-api] - Initializing Spring embedded WebApplicationContext
2022-07-13_18-00-29 [restartedMain] INFO  o.s.b.w.s.c.ServletWebServerApplicationContext - Root WebApplicationContext: initialization completed in 2228 ms
2022-07-13_18-00-29 [restartedMain] INFO  com.zaxxer.hikari.HikariDataSource - HikariPool-1 - Starting...
2022-07-13_18-00-29 [restartedMain] INFO  com.zaxxer.hikari.HikariDataSource - HikariPool-1 - Start completed.
2022-07-13_18-00-29 [restartedMain] INFO  o.s.b.a.h.H2ConsoleAutoConfiguration - H2 console available at '/db'. Database available at 'jdbc:h2:mem:pasdb'
2022-07-13_18-00-29 [restartedMain] INFO  o.h.jpa.internal.util.LogHelper - HHH000204: Processing PersistenceUnitInfo [name: default]
2022-07-13_18-00-29 [restartedMain] INFO  org.hibernate.Version - HHH000412: Hibernate ORM core version 5.4.27.Final
2022-07-13_18-00-29 [restartedMain] INFO  o.h.annotations.common.Version - HCANN000001: Hibernate Commons Annotations {5.1.2.Final}
2022-07-13_18-00-29 [restartedMain] INFO  org.hibernate.dialect.Dialect - HHH000400: Using dialect: org.hibernate.dialect.H2Dialect
2022-07-13_18-00-29 [restartedMain] INFO  o.h.e.t.j.p.i.JtaPlatformInitiator - HHH000490: Using JtaPlatform implementation: [org.hibernate.engine.transaction.jta.platform.internal.NoJtaPlatform]
2022-07-13_18-00-29 [restartedMain] INFO  o.s.o.j.LocalContainerEntityManagerFactoryBean - Initialized JPA EntityManagerFactory for persistence unit 'default'
2022-07-13_18-00-29 [restartedMain] INFO  s.d.s.w.PropertySourcedRequestMappingHandlerMapping - Mapped URL path [/v2/api-docs] onto method [springfox.documentation.swagger2.web.Swagger2Controller#getDocumentation(String, HttpServletRequest)]
2022-07-13_18-00-29 [restartedMain] INFO  o.s.s.c.ThreadPoolTaskExecutor - Initializing ExecutorService 'applicationTaskExecutor'
2022-07-13_18-00-29 [restartedMain] INFO  o.a.coyote.http11.Http11NioProtocol - Starting ProtocolHandler ["http-nio-8300"]
2022-07-13_18-00-29 [restartedMain] INFO  o.s.b.w.e.tomcat.TomcatWebServer - Tomcat started on port(s): 8300 (http) with context path '/policy-api'
2022-07-13_18-00-29 [restartedMain] INFO  s.d.s.w.p.DocumentationPluginsBootstrapper - Context refreshed
2022-07-13_18-00-29 [restartedMain] INFO  s.d.s.w.p.DocumentationPluginsBootstrapper - Found 1 custom documentation plugin(s)
2022-07-13_18-00-29 [restartedMain] INFO  s.d.s.w.s.ApiListingReferenceScanner - Scanning for api listing references
2022-07-13_18-00-29 [restartedMain] INFO  c.c.p.p.PolicyMicroserviceApplication - Started PolicyMicroserviceApplication in 6.937 seconds (JVM running for 7.573)
2022-07-13_18-00-29 [http-nio-8300-exec-1] INFO  o.a.c.c.C.[.[.[/policy-api] - Initializing Spring DispatcherServlet 'dispatcherServlet'
2022-07-13_18-00-29 [http-nio-8300-exec-1] INFO  o.s.web.servlet.DispatcherServlet - Initializing Servlet 'dispatcherServlet'
2022-07-13_18-00-29 [http-nio-8300-exec-1] INFO  o.s.web.servlet.DispatcherServlet - Completed initialization in 3 ms
2022-07-13_18-00-29 [http-nio-8300-exec-1] INFO  c.c.p.p.controller.PolicyController - Start getQuotes
2022-07-13_18-00-29 [http-nio-8300-exec-1] INFO  c.c.p.p.service.PolicyServiceImpl - Start getQuotesService
2022-07-13_18-00-29 [http-nio-8300-exec-1] INFO  c.c.p.p.service.PolicyServiceImpl - End getQuotesService
2022-07-13_18-00-29 [http-nio-8300-exec-1] INFO  c.c.p.p.controller.PolicyController - End getQuotes
2022-07-13_18-00-29 [http-nio-8300-exec-4] INFO  c.c.p.p.controller.PolicyController - Start createPolicy
2022-07-13_18-00-29 [http-nio-8300-exec-4] INFO  c.c.p.p.service.PolicyServiceImpl - Start createPolicyService
2022-07-13_18-00-29 [http-nio-8300-exec-4] INFO  c.c.p.p.service.PolicyServiceImpl - Start getConsumerBusiness
2022-07-13_18-00-29 [http-nio-8300-exec-4] INFO  c.c.p.p.service.PolicyServiceImpl - End getConsumerBusiness
2022-07-13_18-00-29 [http-nio-8300-exec-4] INFO  c.c.p.p.service.PolicyServiceImpl - End createPolicyService
2022-07-13_18-00-29 [http-nio-8300-exec-4] INFO  c.c.p.p.controller.PolicyController - End createPolicy
2022-07-13_18-00-29 [http-nio-8300-exec-2] INFO  c.c.p.p.controller.PolicyController - Start viewPolicy
2022-07-13_18-00-29 [http-nio-8300-exec-2] INFO  c.c.p.p.controller.PolicyController - Auth Successful
2022-07-13_18-00-29 [http-nio-8300-exec-2] INFO  c.c.p.p.controller.PolicyController - Consumer found 
2022-07-13_18-00-29 [http-nio-8300-exec-2] INFO  c.c.p.p.service.PolicyServiceImpl - Start viewPolicyService
2022-07-13_18-00-29 [http-nio-8300-exec-3] INFO  c.c.p.p.controller.PolicyController - Start issuePolicy
2022-07-13_20-36-29 [background-preinit] INFO  o.h.validator.internal.util.Version - HV000001: Hibernate Validator 6.1.7.Final
2022-07-13_20-36-29 [restartedMain] INFO  c.c.p.p.PolicyMicroserviceApplication - Starting PolicyMicroserviceApplication using Java 1.8.0_333 on DESKTOP-8M9QV5O with PID 16284 (C:\Users\lenovo\Desktop\MFPE\Files-Microservices\New folder\Policy-Microservice\target\classes started by lenovo in C:\Users\lenovo\Desktop\MFPE\Files-Microservices\New folder\Policy-Microservice)
2022-07-13_20-36-29 [restartedMain] INFO  c.c.p.p.PolicyMicroserviceApplication - No active profile set, falling back to default profiles: default
2022-07-13_20-36-29 [restartedMain] INFO  o.s.b.d.e.DevToolsPropertyDefaultsPostProcessor - Devtools property defaults active! Set 'spring.devtools.add-properties' to 'false' to disable
2022-07-13_20-36-29 [restartedMain] INFO  o.s.b.d.e.DevToolsPropertyDefaultsPostProcessor - For additional web related logging consider setting the 'logging.level.web' property to 'DEBUG'
2022-07-13_20-36-29 [restartedMain] INFO  o.s.d.r.c.RepositoryConfigurationDelegate - Bootstrapping Spring Data JPA repositories in DEFAULT mode.
2022-07-13_20-36-29 [restartedMain] INFO  o.s.d.r.c.RepositoryConfigurationDelegate - Finished Spring Data repository scanning in 55 ms. Found 2 JPA repository interfaces.
2022-07-13_20-36-29 [restartedMain] INFO  o.s.cloud.context.scope.GenericScope - BeanFactory id=6189258c-a865-304a-8a9a-5b935aec8e79
2022-07-13_20-36-29 [restartedMain] INFO  o.s.c.s.PostProcessorRegistrationDelegate$BeanPostProcessorChecker - Bean 'com.cognizant.pas.policy.feign.AuthorisingClient' of type [org.springframework.cloud.openfeign.FeignClientFactoryBean] is not eligible for getting processed by all BeanPostProcessors (for example: not eligible for auto-proxying)
2022-07-13_20-36-29 [restartedMain] INFO  o.s.c.s.PostProcessorRegistrationDelegate$BeanPostProcessorChecker - Bean 'com.cognizant.pas.policy.feign.ConsumerClient' of type [org.springframework.cloud.openfeign.FeignClientFactoryBean] is not eligible for getting processed by all BeanPostProcessors (for example: not eligible for auto-proxying)
2022-07-13_20-36-29 [restartedMain] INFO  o.s.c.s.PostProcessorRegistrationDelegate$BeanPostProcessorChecker - Bean 'com.cognizant.pas.policy.feign.QuotesClient' of type [org.springframework.cloud.openfeign.FeignClientFactoryBean] is not eligible for getting processed by all BeanPostProcessors (for example: not eligible for auto-proxying)
2022-07-13_20-36-29 [restartedMain] INFO  o.s.b.w.e.tomcat.TomcatWebServer - Tomcat initialized with port(s): 8300 (http)
2022-07-13_20-36-29 [restartedMain] INFO  o.a.coyote.http11.Http11NioProtocol - Initializing ProtocolHandler ["http-nio-8300"]
2022-07-13_20-36-29 [restartedMain] INFO  o.a.catalina.core.StandardService - Starting service [Tomcat]
2022-07-13_20-36-29 [restartedMain] INFO  o.a.catalina.core.StandardEngine - Starting Servlet engine: [Apache Tomcat/9.0.41]
2022-07-13_20-36-29 [restartedMain] INFO  o.a.c.c.C.[.[.[/policy-api] - Initializing Spring embedded WebApplicationContext
2022-07-13_20-36-29 [restartedMain] INFO  o.s.b.w.s.c.ServletWebServerApplicationContext - Root WebApplicationContext: initialization completed in 1968 ms
2022-07-13_20-36-29 [restartedMain] INFO  com.zaxxer.hikari.HikariDataSource - HikariPool-1 - Starting...
2022-07-13_20-36-29 [restartedMain] INFO  com.zaxxer.hikari.HikariDataSource - HikariPool-1 - Start completed.
2022-07-13_20-36-29 [restartedMain] INFO  o.s.b.a.h.H2ConsoleAutoConfiguration - H2 console available at '/db'. Database available at 'jdbc:h2:mem:pasdb'
2022-07-13_20-36-29 [restartedMain] INFO  o.h.jpa.internal.util.LogHelper - HHH000204: Processing PersistenceUnitInfo [name: default]
2022-07-13_20-36-29 [restartedMain] INFO  org.hibernate.Version - HHH000412: Hibernate ORM core version 5.4.27.Final
2022-07-13_20-36-29 [restartedMain] INFO  o.h.annotations.common.Version - HCANN000001: Hibernate Commons Annotations {5.1.2.Final}
2022-07-13_20-36-29 [restartedMain] INFO  org.hibernate.dialect.Dialect - HHH000400: Using dialect: org.hibernate.dialect.H2Dialect
2022-07-13_20-36-29 [restartedMain] INFO  o.h.e.t.j.p.i.JtaPlatformInitiator - HHH000490: Using JtaPlatform implementation: [org.hibernate.engine.transaction.jta.platform.internal.NoJtaPlatform]
2022-07-13_20-36-29 [restartedMain] INFO  o.s.o.j.LocalContainerEntityManagerFactoryBean - Initialized JPA EntityManagerFactory for persistence unit 'default'
2022-07-13_20-36-29 [restartedMain] INFO  s.d.s.w.PropertySourcedRequestMappingHandlerMapping - Mapped URL path [/v2/api-docs] onto method [springfox.documentation.swagger2.web.Swagger2Controller#getDocumentation(String, HttpServletRequest)]
2022-07-13_20-36-29 [restartedMain] INFO  o.s.s.c.ThreadPoolTaskExecutor - Initializing ExecutorService 'applicationTaskExecutor'
2022-07-13_20-36-29 [restartedMain] INFO  o.a.coyote.http11.Http11NioProtocol - Starting ProtocolHandler ["http-nio-8300"]
2022-07-13_20-36-29 [restartedMain] INFO  o.s.b.w.e.tomcat.TomcatWebServer - Tomcat started on port(s): 8300 (http) with context path '/policy-api'
2022-07-13_20-36-29 [restartedMain] INFO  s.d.s.w.p.DocumentationPluginsBootstrapper - Context refreshed
2022-07-13_20-36-29 [restartedMain] INFO  s.d.s.w.p.DocumentationPluginsBootstrapper - Found 1 custom documentation plugin(s)
2022-07-13_20-36-29 [restartedMain] INFO  s.d.s.w.s.ApiListingReferenceScanner - Scanning for api listing references
2022-07-13_20-36-29 [restartedMain] INFO  c.c.p.p.PolicyMicroserviceApplication - Started PolicyMicroserviceApplication in 5.97 seconds (JVM running for 6.499)
2022-07-13_20-36-29 [http-nio-8300-exec-1] INFO  o.a.c.c.C.[.[.[/policy-api] - Initializing Spring DispatcherServlet 'dispatcherServlet'
2022-07-13_20-36-29 [http-nio-8300-exec-1] INFO  o.s.web.servlet.DispatcherServlet - Initializing Servlet 'dispatcherServlet'
2022-07-13_20-36-29 [http-nio-8300-exec-1] INFO  o.s.web.servlet.DispatcherServlet - Completed initialization in 3 ms
2022-07-13_20-36-29 [http-nio-8300-exec-2] INFO  c.c.p.p.controller.PolicyController - Start getQuotes
2022-07-13_20-36-29 [http-nio-8300-exec-2] INFO  c.c.p.p.service.PolicyServiceImpl - Start getQuotesService
2022-07-13_20-36-29 [http-nio-8300-exec-2] INFO  c.c.p.p.service.PolicyServiceImpl - End getQuotesService
2022-07-13_20-36-29 [http-nio-8300-exec-2] INFO  c.c.p.p.controller.PolicyController - End getQuotes
2022-07-13_20-36-29 [http-nio-8300-exec-4] INFO  c.c.p.p.controller.PolicyController - Start createPolicy
2022-07-13_20-36-29 [http-nio-8300-exec-4] INFO  c.c.p.p.service.PolicyServiceImpl - Start createPolicyService
2022-07-13_20-36-29 [http-nio-8300-exec-4] INFO  c.c.p.p.service.PolicyServiceImpl - Start getConsumerBusiness
2022-07-13_20-36-29 [http-nio-8300-exec-4] INFO  c.c.p.p.service.PolicyServiceImpl - End getConsumerBusiness
2022-07-13_20-36-29 [http-nio-8300-exec-4] INFO  c.c.p.p.service.PolicyServiceImpl - End createPolicyService
2022-07-13_20-36-29 [http-nio-8300-exec-4] INFO  c.c.p.p.controller.PolicyController - End createPolicy
2022-07-13_20-36-29 [http-nio-8300-exec-6] INFO  c.c.p.p.controller.PolicyController - Start issuePolicy
2022-07-13_20-36-29 [http-nio-8300-exec-6] INFO  c.c.p.p.controller.PolicyController - all the tests are checked
2022-07-13_20-36-29 [http-nio-8300-exec-6] INFO  c.c.p.p.service.PolicyServiceImpl - Start issuePolicyService
2022-07-13_20-36-29 [http-nio-8300-exec-6] INFO  c.c.p.p.service.PolicyServiceImpl - End issuePolicyService
2022-07-13_20-36-29 [http-nio-8300-exec-6] INFO  c.c.p.p.controller.PolicyController - End issuePolicy
2022-07-13_20-36-29 [http-nio-8300-exec-8] INFO  c.c.p.p.controller.PolicyController - Start viewPolicy
2022-07-13_20-36-29 [http-nio-8300-exec-8] INFO  c.c.p.p.controller.PolicyController - Auth Successful
2022-07-13_20-36-29 [http-nio-8300-exec-8] INFO  c.c.p.p.controller.PolicyController - Consumer found 
2022-07-13_20-36-29 [http-nio-8300-exec-8] INFO  c.c.p.p.service.PolicyServiceImpl - Start viewPolicyService
2022-07-13_20-36-29 [http-nio-8300-exec-8] INFO  c.c.p.p.service.PolicyServiceImpl - End viewPolicyService
2022-07-13_20-36-29 [http-nio-8300-exec-8] INFO  c.c.p.p.controller.PolicyController - End viewPolicy
2022-07-13_20-36-29 [http-nio-8300-exec-10] INFO  c.c.p.p.controller.PolicyController - Start issuePolicy
2022-07-13_20-36-29 [http-nio-8300-exec-10] INFO  c.c.p.p.controller.PolicyController - all the tests are checked
2022-07-13_20-36-29 [http-nio-8300-exec-10] INFO  c.c.p.p.service.PolicyServiceImpl - Start issuePolicyService
2022-07-13_20-36-29 [http-nio-8300-exec-10] INFO  c.c.p.p.service.PolicyServiceImpl - End issuePolicyService
2022-07-13_20-36-29 [http-nio-8300-exec-10] INFO  c.c.p.p.controller.PolicyController - End issuePolicy
