2022-07-11_10-27-48 [main] INFO  o.s.b.t.c.SpringBootTestContextBootstrapper - Neither @ContextConfiguration nor @ContextHierarchy found for test class [com.cts.authorization.AuthorizationMicroserviceApplicationTests], using SpringBootContextLoader
2022-07-11_10-27-48 [main] INFO  o.s.t.c.s.AbstractContextLoader - Could not detect default resource locations for test class [com.cts.authorization.AuthorizationMicroserviceApplicationTests]: no resource found for suffixes {-context.xml, Context.groovy}.
2022-07-11_10-27-48 [main] INFO  o.s.t.c.s.AnnotationConfigContextLoaderUtils - Could not detect default configuration classes for test class [com.cts.authorization.AuthorizationMicroserviceApplicationTests]: AuthorizationMicroserviceApplicationTests does not declare any static, non-private, non-final, nested classes annotated with @Configuration.
2022-07-11_10-27-48 [main] INFO  o.s.b.t.c.SpringBootTestContextBootstrapper - Found @SpringBootConfiguration com.cts.authorization.AuthorizationMicroserviceApplication for test class com.cts.authorization.AuthorizationMicroserviceApplicationTests
2022-07-11_10-27-48 [main] INFO  o.s.b.t.c.SpringBootTestContextBootstrapper - Loaded default TestExecutionListener class names from location [META-INF/spring.factories]: [org.springframework.boot.test.mock.mockito.MockitoTestExecutionListener, org.springframework.boot.test.mock.mockito.ResetMocksTestExecutionListener, org.springframework.boot.test.autoconfigure.restdocs.RestDocsTestExecutionListener, org.springframework.boot.test.autoconfigure.web.client.MockRestServiceServerResetTestExecutionListener, org.springframework.boot.test.autoconfigure.web.servlet.MockMvcPrintOnlyOnFailureTestExecutionListener, org.springframework.boot.test.autoconfigure.web.servlet.WebDriverTestExecutionListener, org.springframework.boot.test.autoconfigure.webservices.client.MockWebServiceServerTestExecutionListener, org.springframework.test.context.web.ServletTestExecutionListener, org.springframework.test.context.support.DirtiesContextBeforeModesTestExecutionListener, org.springframework.test.context.event.ApplicationEventsTestExecutionListener, org.springframework.test.context.support.DependencyInjectionTestExecutionListener, org.springframework.test.context.support.DirtiesContextTestExecutionListener, org.springframework.test.context.transaction.TransactionalTestExecutionListener, org.springframework.test.context.jdbc.SqlScriptsTestExecutionListener, org.springframework.test.context.event.EventPublishingTestExecutionListener, org.springframework.security.test.context.support.WithSecurityContextTestExecutionListener, org.springframework.security.test.context.support.ReactorContextTestExecutionListener]
2022-07-11_10-27-48 [main] INFO  o.s.b.t.c.SpringBootTestContextBootstrapper - Using TestExecutionListeners: [org.springframework.test.context.web.ServletTestExecutionListener@2cf92cc7, org.springframework.test.context.support.DirtiesContextBeforeModesTestExecutionListener@30ea8c23, org.springframework.test.context.event.ApplicationEventsTestExecutionListener@7b139eab, org.springframework.boot.test.mock.mockito.MockitoTestExecutionListener@4e76dac, org.springframework.boot.test.autoconfigure.SpringBootDependencyInjectionTestExecutionListener@611df6e3, org.springframework.test.context.support.DirtiesContextTestExecutionListener@5f2f577, org.springframework.test.context.transaction.TransactionalTestExecutionListener@6273c5a4, org.springframework.test.context.jdbc.SqlScriptsTestExecutionListener@5d465e4b, org.springframework.test.context.event.EventPublishingTestExecutionListener@53e211ee, org.springframework.security.test.context.support.WithSecurityContextTestExecutionListener@41a90fa8, org.springframework.security.test.context.support.ReactorContextTestExecutionListener@3d8bbcdc, org.springframework.boot.test.mock.mockito.ResetMocksTestExecutionListener@52500920, org.springframework.boot.test.autoconfigure.restdocs.RestDocsTestExecutionListener@117e0fe5, org.springframework.boot.test.autoconfigure.web.client.MockRestServiceServerResetTestExecutionListener@18a3962d, org.springframework.boot.test.autoconfigure.web.servlet.MockMvcPrintOnlyOnFailureTestExecutionListener@78aea4b9, org.springframework.boot.test.autoconfigure.web.servlet.WebDriverTestExecutionListener@2a65bb85, org.springframework.boot.test.autoconfigure.webservices.client.MockWebServiceServerTestExecutionListener@4b85880b]
2022-07-11_10-27-49 [main] INFO  c.c.a.AuthorizationMicroserviceApplicationTests - Starting AuthorizationMicroserviceApplicationTests using Java 17.0.2 on DESKTOP-ED6DVAS with PID 10332 (started by KHALID ANSARI in C:\Users\KHALID ANSARI\Downloads\policy-management-system-master (2)\policy-management-system-master\Authorization-Microservice)
2022-07-11_10-27-49 [main] INFO  c.c.a.AuthorizationMicroserviceApplicationTests - No active profile set, falling back to default profiles: default
2022-07-11_10-27-49 [main] INFO  o.s.d.r.c.RepositoryConfigurationDelegate - Bootstrapping Spring Data JPA repositories in DEFAULT mode.
2022-07-11_10-27-49 [main] INFO  o.s.d.r.c.RepositoryConfigurationDelegate - Finished Spring Data repository scanning in 175 ms. Found 1 JPA repository interfaces.
2022-07-11_10-27-49 [main] INFO  o.s.cloud.context.scope.GenericScope - BeanFactory id=32b558f9-113d-36f1-bddc-3f1b8d0236f3
2022-07-11_10-27-49 [main] INFO  com.zaxxer.hikari.HikariDataSource - HikariPool-1 - Starting...
2022-07-11_10-27-49 [main] INFO  com.zaxxer.hikari.HikariDataSource - HikariPool-1 - Start completed.
2022-07-11_10-27-49 [main] INFO  o.h.jpa.internal.util.LogHelper - HHH000204: Processing PersistenceUnitInfo [name: default]
2022-07-11_10-27-49 [main] INFO  org.hibernate.Version - HHH000412: Hibernate ORM core version 5.4.27.Final
2022-07-11_10-27-49 [main] INFO  o.h.annotations.common.Version - HCANN000001: Hibernate Commons Annotations {5.1.2.Final}
2022-07-11_10-27-49 [main] INFO  org.hibernate.dialect.Dialect - HHH000400: Using dialect: org.hibernate.dialect.H2Dialect
2022-07-11_10-27-49 [main] INFO  o.h.e.t.j.p.i.JtaPlatformInitiator - HHH000490: Using JtaPlatform implementation: [org.hibernate.engine.transaction.jta.platform.internal.NoJtaPlatform]
2022-07-11_10-27-49 [main] INFO  o.s.o.j.LocalContainerEntityManagerFactoryBean - Initialized JPA EntityManagerFactory for persistence unit 'default'
2022-07-11_10-27-49 [main] INFO  o.s.b.a.h.H2ConsoleAutoConfiguration - H2 console available at '/db'. Database available at 'jdbc:h2:mem:testdb'
2022-07-11_10-27-49 [main] INFO  s.d.s.w.PropertySourcedRequestMappingHandlerMapping - Mapped URL path [/v2/api-docs] onto method [springfox.documentation.swagger2.web.Swagger2Controller#getDocumentation(String, HttpServletRequest)]
2022-07-11_10-27-49 [main] INFO  o.s.s.web.DefaultSecurityFilterChain - Will secure any request with [org.springframework.security.web.context.request.async.WebAsyncManagerIntegrationFilter@6e8f3b76, org.springframework.security.web.context.SecurityContextPersistenceFilter@e6fbf82, org.springframework.security.web.header.HeaderWriterFilter@299c86f0, org.springframework.security.web.authentication.logout.LogoutFilter@3c4231e5, com.cts.authorization.config.JwtRequestFilter@63a9af28, org.springframework.security.web.savedrequest.RequestCacheAwareFilter@488c608a, org.springframework.security.web.servletapi.SecurityContextHolderAwareRequestFilter@6f2b608e, org.springframework.security.web.authentication.AnonymousAuthenticationFilter@6cfe32cd, org.springframework.security.web.session.SessionManagementFilter@627cb3ed, org.springframework.security.web.access.ExceptionTranslationFilter@71d8794f, org.springframework.security.web.access.intercept.FilterSecurityInterceptor@6a175162]
2022-07-11_10-27-49 [main] INFO  o.s.s.c.ThreadPoolTaskExecutor - Initializing ExecutorService 'applicationTaskExecutor'
2022-07-11_10-27-49 [main] INFO  s.d.s.w.p.DocumentationPluginsBootstrapper - Context refreshed
2022-07-11_10-27-49 [main] INFO  s.d.s.w.p.DocumentationPluginsBootstrapper - Found 1 custom documentation plugin(s)
2022-07-11_10-27-49 [main] INFO  s.d.s.w.s.ApiListingReferenceScanner - Scanning for api listing references
2022-07-11_10-27-49 [main] INFO  c.c.a.AuthorizationMicroserviceApplicationTests - Started AuthorizationMicroserviceApplicationTests in 14.811 seconds (JVM running for 18.058)
2022-07-11_10-28-04 [main] INFO  c.c.a.AuthorizationMicroserviceApplication - Starting AuthorizationMicroserviceApplication using Java 17.0.2 on DESKTOP-ED6DVAS with PID 10332 (started by KHALID ANSARI in C:\Users\KHALID ANSARI\Downloads\policy-management-system-master (2)\policy-management-system-master\Authorization-Microservice)
2022-07-11_10-28-04 [main] INFO  c.c.a.AuthorizationMicroserviceApplication - No active profile set, falling back to default profiles: default
2022-07-11_10-28-04 [main] INFO  o.s.d.r.c.RepositoryConfigurationDelegate - Bootstrapping Spring Data JPA repositories in DEFAULT mode.
2022-07-11_10-28-04 [main] INFO  o.s.d.r.c.RepositoryConfigurationDelegate - Finished Spring Data repository scanning in 29 ms. Found 1 JPA repository interfaces.
2022-07-11_10-28-04 [main] INFO  o.s.cloud.context.scope.GenericScope - BeanFactory id=80c9b999-d201-3f56-9b15-a552864bf319
2022-07-11_10-28-04 [main] INFO  o.s.b.w.e.tomcat.TomcatWebServer - Tomcat initialized with port(s): 8400 (http)
2022-07-11_10-28-04 [main] INFO  o.a.coyote.http11.Http11NioProtocol - Initializing ProtocolHandler ["http-nio-8400"]
2022-07-11_10-28-04 [main] INFO  o.a.catalina.core.StandardService - Starting service [Tomcat]
2022-07-11_10-28-04 [main] INFO  o.a.catalina.core.StandardEngine - Starting Servlet engine: [Apache Tomcat/9.0.41]
2022-07-11_10-28-04 [main] INFO  o.a.c.c.C.[.[localhost].[/auth] - Initializing Spring embedded WebApplicationContext
2022-07-11_10-28-04 [main] INFO  o.s.b.w.s.c.ServletWebServerApplicationContext - Root WebApplicationContext: initialization completed in 1624 ms
2022-07-11_10-28-04 [main] INFO  com.zaxxer.hikari.HikariDataSource - HikariPool-2 - Starting...
2022-07-11_10-28-04 [main] INFO  com.zaxxer.hikari.HikariDataSource - HikariPool-2 - Start completed.
2022-07-11_10-28-04 [main] INFO  o.s.b.a.h.H2ConsoleAutoConfiguration - H2 console available at '/db'. Database available at 'jdbc:h2:mem:testdb'
2022-07-11_10-28-04 [main] INFO  o.h.jpa.internal.util.LogHelper - HHH000204: Processing PersistenceUnitInfo [name: default]
2022-07-11_10-28-04 [main] INFO  org.hibernate.dialect.Dialect - HHH000400: Using dialect: org.hibernate.dialect.H2Dialect
2022-07-11_10-28-04 [main] INFO  o.h.e.t.j.p.i.JtaPlatformInitiator - HHH000490: Using JtaPlatform implementation: [org.hibernate.engine.transaction.jta.platform.internal.NoJtaPlatform]
2022-07-11_10-28-04 [main] INFO  o.s.o.j.LocalContainerEntityManagerFactoryBean - Initialized JPA EntityManagerFactory for persistence unit 'default'
2022-07-11_10-28-04 [main] INFO  s.d.s.w.PropertySourcedRequestMappingHandlerMapping - Mapped URL path [/v2/api-docs] onto method [springfox.documentation.swagger2.web.Swagger2Controller#getDocumentation(String, HttpServletRequest)]
2022-07-11_10-28-04 [main] INFO  o.s.s.web.DefaultSecurityFilterChain - Will secure any request with [org.springframework.security.web.context.request.async.WebAsyncManagerIntegrationFilter@4b6cb083, org.springframework.security.web.context.SecurityContextPersistenceFilter@44cd3ea9, org.springframework.security.web.header.HeaderWriterFilter@2b7b6f58, org.springframework.security.web.authentication.logout.LogoutFilter@60a98fa6, com.cts.authorization.config.JwtRequestFilter@4ba056ab, org.springframework.security.web.savedrequest.RequestCacheAwareFilter@352df548, org.springframework.security.web.servletapi.SecurityContextHolderAwareRequestFilter@45dc4d1a, org.springframework.security.web.authentication.AnonymousAuthenticationFilter@3644d305, org.springframework.security.web.session.SessionManagementFilter@2dc4b58a, org.springframework.security.web.access.ExceptionTranslationFilter@550482aa, org.springframework.security.web.access.intercept.FilterSecurityInterceptor@245155b8]
2022-07-11_10-28-04 [main] INFO  o.s.s.c.ThreadPoolTaskExecutor - Initializing ExecutorService 'applicationTaskExecutor'
2022-07-11_10-28-04 [main] INFO  o.a.coyote.http11.Http11NioProtocol - Starting ProtocolHandler ["http-nio-8400"]
2022-07-11_10-28-04 [main] INFO  o.s.b.w.e.tomcat.TomcatWebServer - Tomcat started on port(s): 8400 (http) with context path '/auth'
2022-07-11_10-28-04 [main] INFO  s.d.s.w.p.DocumentationPluginsBootstrapper - Context refreshed
2022-07-11_10-28-04 [main] INFO  s.d.s.w.p.DocumentationPluginsBootstrapper - Found 1 custom documentation plugin(s)
2022-07-11_10-28-04 [main] INFO  s.d.s.w.s.ApiListingReferenceScanner - Scanning for api listing references
2022-07-11_10-28-04 [main] INFO  c.c.a.AuthorizationMicroserviceApplication - Started AuthorizationMicroserviceApplication in 3.443 seconds (JVM running for 21.939)
2022-07-11_10-28-04 [SpringContextShutdownHook] INFO  o.s.s.c.ThreadPoolTaskExecutor - Shutting down ExecutorService 'applicationTaskExecutor'
2022-07-11_10-28-04 [SpringContextShutdownHook] INFO  o.s.o.j.LocalContainerEntityManagerFactoryBean - Closing JPA EntityManagerFactory for persistence unit 'default'
2022-07-11_10-28-04 [SpringContextShutdownHook] INFO  o.h.t.s.i.SchemaDropperImpl$DelayedDropActionImpl - HHH000477: Starting delayed evictData of schema as part of SessionFactory shut-down'
2022-07-11_10-28-04 [SpringContextShutdownHook] INFO  com.zaxxer.hikari.HikariDataSource - HikariPool-1 - Shutdown initiated...
2022-07-11_10-28-04 [SpringContextShutdownHook] INFO  com.zaxxer.hikari.HikariDataSource - HikariPool-1 - Shutdown completed.
2022-07-11_10-28-04 [SpringContextShutdownHook] INFO  o.s.s.c.ThreadPoolTaskExecutor - Shutting down ExecutorService 'applicationTaskExecutor'
2022-07-11_10-28-04 [SpringContextShutdownHook] INFO  o.s.o.j.LocalContainerEntityManagerFactoryBean - Closing JPA EntityManagerFactory for persistence unit 'default'
2022-07-11_10-28-04 [SpringContextShutdownHook] INFO  o.h.t.s.i.SchemaDropperImpl$DelayedDropActionImpl - HHH000477: Starting delayed evictData of schema as part of SessionFactory shut-down'
2022-07-11_10-28-04 [SpringContextShutdownHook] INFO  com.zaxxer.hikari.HikariDataSource - HikariPool-2 - Shutdown initiated...
2022-07-11_10-28-04 [SpringContextShutdownHook] INFO  com.zaxxer.hikari.HikariDataSource - HikariPool-2 - Shutdown completed.
2022-07-11_10-28-58 [restartedMain] INFO  c.c.a.AuthorizationMicroserviceApplication - Starting AuthorizationMicroserviceApplication using Java 17.0.2 on DESKTOP-ED6DVAS with PID 14032 (C:\Users\KHALID ANSARI\Downloads\policy-management-system-master (2)\policy-management-system-master\Authorization-Microservice\target\classes started by KHALID ANSARI in C:\Users\KHALID ANSARI\Downloads\policy-management-system-master (2)\policy-management-system-master\Authorization-Microservice)
2022-07-11_10-28-58 [restartedMain] INFO  c.c.a.AuthorizationMicroserviceApplication - No active profile set, falling back to default profiles: default
2022-07-11_10-28-58 [restartedMain] INFO  o.s.b.d.e.DevToolsPropertyDefaultsPostProcessor - Devtools property defaults active! Set 'spring.devtools.add-properties' to 'false' to disable
2022-07-11_10-28-58 [restartedMain] INFO  o.s.b.d.e.DevToolsPropertyDefaultsPostProcessor - For additional web related logging consider setting the 'logging.level.web' property to 'DEBUG'
2022-07-11_10-28-58 [restartedMain] INFO  o.s.d.r.c.RepositoryConfigurationDelegate - Bootstrapping Spring Data JPA repositories in DEFAULT mode.
2022-07-11_10-28-58 [restartedMain] INFO  o.s.d.r.c.RepositoryConfigurationDelegate - Finished Spring Data repository scanning in 116 ms. Found 1 JPA repository interfaces.
2022-07-11_10-28-58 [restartedMain] INFO  o.s.cloud.context.scope.GenericScope - BeanFactory id=b6ec0f09-868a-3b39-8b39-db24684a6ae7
2022-07-11_10-28-58 [restartedMain] INFO  o.s.b.w.e.tomcat.TomcatWebServer - Tomcat initialized with port(s): 8400 (http)
2022-07-11_10-28-58 [restartedMain] INFO  o.a.coyote.http11.Http11NioProtocol - Initializing ProtocolHandler ["http-nio-8400"]
2022-07-11_10-28-58 [restartedMain] INFO  o.a.catalina.core.StandardService - Starting service [Tomcat]
2022-07-11_10-28-58 [restartedMain] INFO  o.a.catalina.core.StandardEngine - Starting Servlet engine: [Apache Tomcat/9.0.41]
2022-07-11_10-28-58 [restartedMain] INFO  o.a.c.c.C.[.[localhost].[/auth] - Initializing Spring embedded WebApplicationContext
2022-07-11_10-28-58 [restartedMain] INFO  o.s.b.w.s.c.ServletWebServerApplicationContext - Root WebApplicationContext: initialization completed in 4582 ms
2022-07-11_10-28-58 [restartedMain] INFO  com.zaxxer.hikari.HikariDataSource - HikariPool-1 - Starting...
2022-07-11_10-28-58 [restartedMain] INFO  com.zaxxer.hikari.HikariDataSource - HikariPool-1 - Start completed.
2022-07-11_10-28-58 [restartedMain] INFO  o.s.b.a.h.H2ConsoleAutoConfiguration - H2 console available at '/db'. Database available at 'jdbc:h2:mem:testdb'
2022-07-11_10-28-58 [restartedMain] INFO  o.h.jpa.internal.util.LogHelper - HHH000204: Processing PersistenceUnitInfo [name: default]
2022-07-11_10-28-58 [restartedMain] INFO  org.hibernate.Version - HHH000412: Hibernate ORM core version 5.4.27.Final
2022-07-11_10-28-58 [restartedMain] INFO  o.h.annotations.common.Version - HCANN000001: Hibernate Commons Annotations {5.1.2.Final}
2022-07-11_10-28-58 [restartedMain] INFO  org.hibernate.dialect.Dialect - HHH000400: Using dialect: org.hibernate.dialect.H2Dialect
2022-07-11_10-28-58 [restartedMain] INFO  o.h.e.t.j.p.i.JtaPlatformInitiator - HHH000490: Using JtaPlatform implementation: [org.hibernate.engine.transaction.jta.platform.internal.NoJtaPlatform]
2022-07-11_10-28-58 [restartedMain] INFO  o.s.o.j.LocalContainerEntityManagerFactoryBean - Initialized JPA EntityManagerFactory for persistence unit 'default'
2022-07-11_10-28-58 [restartedMain] INFO  o.s.b.d.a.OptionalLiveReloadServer - LiveReload server is running on port 35729
2022-07-11_10-28-58 [restartedMain] INFO  s.d.s.w.PropertySourcedRequestMappingHandlerMapping - Mapped URL path [/v2/api-docs] onto method [springfox.documentation.swagger2.web.Swagger2Controller#getDocumentation(String, HttpServletRequest)]
2022-07-11_10-28-58 [restartedMain] INFO  o.s.s.web.DefaultSecurityFilterChain - Will secure any request with [org.springframework.security.web.context.request.async.WebAsyncManagerIntegrationFilter@464c2b6e, org.springframework.security.web.context.SecurityContextPersistenceFilter@760387b3, org.springframework.security.web.header.HeaderWriterFilter@77ae0b5c, org.springframework.security.web.authentication.logout.LogoutFilter@1644f8e8, com.cts.authorization.config.JwtRequestFilter@26b98530, org.springframework.security.web.savedrequest.RequestCacheAwareFilter@ec83273, org.springframework.security.web.servletapi.SecurityContextHolderAwareRequestFilter@5969f928, org.springframework.security.web.authentication.AnonymousAuthenticationFilter@42d106f0, org.springframework.security.web.session.SessionManagementFilter@1ef60686, org.springframework.security.web.access.ExceptionTranslationFilter@7553194f, org.springframework.security.web.access.intercept.FilterSecurityInterceptor@1ffe37b5]
2022-07-11_10-28-58 [restartedMain] INFO  o.s.s.c.ThreadPoolTaskExecutor - Initializing ExecutorService 'applicationTaskExecutor'
2022-07-11_10-28-58 [restartedMain] INFO  o.a.coyote.http11.Http11NioProtocol - Starting ProtocolHandler ["http-nio-8400"]
2022-07-11_10-28-58 [restartedMain] INFO  o.s.b.w.e.tomcat.TomcatWebServer - Tomcat started on port(s): 8400 (http) with context path '/auth'
2022-07-11_10-28-58 [restartedMain] INFO  s.d.s.w.p.DocumentationPluginsBootstrapper - Context refreshed
2022-07-11_10-28-58 [restartedMain] INFO  s.d.s.w.p.DocumentationPluginsBootstrapper - Found 1 custom documentation plugin(s)
2022-07-11_10-28-58 [restartedMain] INFO  s.d.s.w.s.ApiListingReferenceScanner - Scanning for api listing references
2022-07-11_10-28-58 [restartedMain] INFO  c.c.a.AuthorizationMicroserviceApplication - Started AuthorizationMicroserviceApplication in 12.189 seconds (JVM running for 13.658)
2022-07-11_11-01-22 [restartedMain] INFO  c.c.a.AuthorizationMicroserviceApplication - Starting AuthorizationMicroserviceApplication using Java 17.0.2 on DESKTOP-ED6DVAS with PID 9576 (C:\Users\KHALID ANSARI\Downloads\policy-management-system-master (2)\policy-management-system-master\Authorization-Microservice\target\classes started by KHALID ANSARI in C:\Users\KHALID ANSARI\Downloads\policy-management-system-master (2)\policy-management-system-master\Authorization-Microservice)
2022-07-11_11-01-22 [restartedMain] INFO  c.c.a.AuthorizationMicroserviceApplication - No active profile set, falling back to default profiles: default
2022-07-11_11-01-22 [restartedMain] INFO  o.s.b.d.e.DevToolsPropertyDefaultsPostProcessor - Devtools property defaults active! Set 'spring.devtools.add-properties' to 'false' to disable
2022-07-11_11-01-22 [restartedMain] INFO  o.s.b.d.e.DevToolsPropertyDefaultsPostProcessor - For additional web related logging consider setting the 'logging.level.web' property to 'DEBUG'
2022-07-11_11-01-22 [restartedMain] INFO  o.s.d.r.c.RepositoryConfigurationDelegate - Bootstrapping Spring Data JPA repositories in DEFAULT mode.
2022-07-11_11-01-22 [restartedMain] INFO  o.s.d.r.c.RepositoryConfigurationDelegate - Finished Spring Data repository scanning in 165 ms. Found 1 JPA repository interfaces.
2022-07-11_11-01-22 [restartedMain] INFO  o.s.cloud.context.scope.GenericScope - BeanFactory id=b6ec0f09-868a-3b39-8b39-db24684a6ae7
2022-07-11_11-01-22 [restartedMain] INFO  o.s.b.w.e.tomcat.TomcatWebServer - Tomcat initialized with port(s): 8400 (http)
2022-07-11_11-01-22 [restartedMain] INFO  o.a.coyote.http11.Http11NioProtocol - Initializing ProtocolHandler ["http-nio-8400"]
2022-07-11_11-01-22 [restartedMain] INFO  o.a.catalina.core.StandardService - Starting service [Tomcat]
2022-07-11_11-01-22 [restartedMain] INFO  o.a.catalina.core.StandardEngine - Starting Servlet engine: [Apache Tomcat/9.0.41]
2022-07-11_11-01-22 [restartedMain] INFO  o.a.c.c.C.[.[localhost].[/auth] - Initializing Spring embedded WebApplicationContext
2022-07-11_11-01-22 [restartedMain] INFO  o.s.b.w.s.c.ServletWebServerApplicationContext - Root WebApplicationContext: initialization completed in 7521 ms
2022-07-11_11-01-22 [restartedMain] INFO  com.zaxxer.hikari.HikariDataSource - HikariPool-1 - Starting...
2022-07-11_11-01-22 [restartedMain] INFO  com.zaxxer.hikari.HikariDataSource - HikariPool-1 - Start completed.
2022-07-11_11-01-22 [restartedMain] INFO  o.s.b.a.h.H2ConsoleAutoConfiguration - H2 console available at '/db'. Database available at 'jdbc:h2:mem:testdb'
2022-07-11_11-01-22 [restartedMain] INFO  o.h.jpa.internal.util.LogHelper - HHH000204: Processing PersistenceUnitInfo [name: default]
2022-07-11_11-01-22 [restartedMain] INFO  org.hibernate.Version - HHH000412: Hibernate ORM core version 5.4.27.Final
2022-07-11_11-01-22 [restartedMain] INFO  o.h.annotations.common.Version - HCANN000001: Hibernate Commons Annotations {5.1.2.Final}
2022-07-11_11-01-22 [restartedMain] INFO  org.hibernate.dialect.Dialect - HHH000400: Using dialect: org.hibernate.dialect.H2Dialect
2022-07-11_11-01-22 [restartedMain] INFO  o.h.e.t.j.p.i.JtaPlatformInitiator - HHH000490: Using JtaPlatform implementation: [org.hibernate.engine.transaction.jta.platform.internal.NoJtaPlatform]
2022-07-11_11-01-22 [restartedMain] INFO  o.s.o.j.LocalContainerEntityManagerFactoryBean - Initialized JPA EntityManagerFactory for persistence unit 'default'
2022-07-11_11-01-22 [restartedMain] INFO  o.s.b.d.a.OptionalLiveReloadServer - LiveReload server is running on port 35729
2022-07-11_11-01-22 [restartedMain] INFO  s.d.s.w.PropertySourcedRequestMappingHandlerMapping - Mapped URL path [/v2/api-docs] onto method [springfox.documentation.swagger2.web.Swagger2Controller#getDocumentation(String, HttpServletRequest)]
2022-07-11_11-01-22 [restartedMain] INFO  o.s.s.web.DefaultSecurityFilterChain - Will secure any request with [org.springframework.security.web.context.request.async.WebAsyncManagerIntegrationFilter@6af3842e, org.springframework.security.web.context.SecurityContextPersistenceFilter@33c57783, org.springframework.security.web.header.HeaderWriterFilter@3b26fe4, org.springframework.security.web.authentication.logout.LogoutFilter@118965e1, com.cts.authorization.config.JwtRequestFilter@1193791c, org.springframework.security.web.savedrequest.RequestCacheAwareFilter@7ae54ea1, org.springframework.security.web.servletapi.SecurityContextHolderAwareRequestFilter@1f2e06fe, org.springframework.security.web.authentication.AnonymousAuthenticationFilter@205ff906, org.springframework.security.web.session.SessionManagementFilter@ec83273, org.springframework.security.web.access.ExceptionTranslationFilter@13beb850, org.springframework.security.web.access.intercept.FilterSecurityInterceptor@6ad3f831]
2022-07-11_11-01-22 [restartedMain] INFO  o.s.s.c.ThreadPoolTaskExecutor - Initializing ExecutorService 'applicationTaskExecutor'
2022-07-11_11-01-22 [restartedMain] INFO  o.a.coyote.http11.Http11NioProtocol - Starting ProtocolHandler ["http-nio-8400"]
2022-07-11_11-01-22 [restartedMain] INFO  o.s.b.w.e.tomcat.TomcatWebServer - Tomcat started on port(s): 8400 (http) with context path '/auth'
2022-07-11_11-01-22 [restartedMain] INFO  s.d.s.w.p.DocumentationPluginsBootstrapper - Context refreshed
2022-07-11_11-01-22 [restartedMain] INFO  s.d.s.w.p.DocumentationPluginsBootstrapper - Found 1 custom documentation plugin(s)
2022-07-11_11-01-22 [restartedMain] INFO  s.d.s.w.s.ApiListingReferenceScanner - Scanning for api listing references
2022-07-11_11-01-22 [restartedMain] INFO  c.c.a.AuthorizationMicroserviceApplication - Started AuthorizationMicroserviceApplication in 17.698 seconds (JVM running for 19.397)
