2022-08-15_11-14-01 [restartedMain] INFO  c.c.a.AuthorizationMicroserviceApplication - Starting AuthorizationMicroserviceApplication using Java 18.0.2 on Navneet with PID 10716 (C:\Users\HP\Downloads\Policyyyyyy\PolicyAdministrationSystem\New folder\Authorization-Microservice\target\classes started by HP in C:\Users\HP\Downloads\Policyyyyyy\PolicyAdministrationSystem\New folder\Authorization-Microservice)
2022-08-15_11-14-01 [restartedMain] INFO  c.c.a.AuthorizationMicroserviceApplication - No active profile set, falling back to default profiles: default
2022-08-15_11-14-01 [restartedMain] INFO  o.s.b.d.e.DevToolsPropertyDefaultsPostProcessor - Devtools property defaults active! Set 'spring.devtools.add-properties' to 'false' to disable
2022-08-15_11-14-01 [restartedMain] INFO  o.s.b.d.e.DevToolsPropertyDefaultsPostProcessor - For additional web related logging consider setting the 'logging.level.web' property to 'DEBUG'
2022-08-15_11-14-01 [restartedMain] INFO  o.s.d.r.c.RepositoryConfigurationDelegate - Bootstrapping Spring Data JPA repositories in DEFAULT mode.
2022-08-15_11-14-01 [restartedMain] INFO  o.s.d.r.c.RepositoryConfigurationDelegate - Finished Spring Data repository scanning in 59 ms. Found 1 JPA repository interfaces.
2022-08-15_11-14-01 [restartedMain] INFO  o.s.cloud.context.scope.GenericScope - BeanFactory id=b6ec0f09-868a-3b39-8b39-db24684a6ae7
2022-08-15_11-14-01 [restartedMain] INFO  o.s.b.w.e.tomcat.TomcatWebServer - Tomcat initialized with port(s): 8400 (http)
2022-08-15_11-14-01 [restartedMain] INFO  o.a.coyote.http11.Http11NioProtocol - Initializing ProtocolHandler ["http-nio-8400"]
2022-08-15_11-14-01 [restartedMain] INFO  o.a.catalina.core.StandardService - Starting service [Tomcat]
2022-08-15_11-14-01 [restartedMain] INFO  o.a.catalina.core.StandardEngine - Starting Servlet engine: [Apache Tomcat/9.0.41]
2022-08-15_11-14-01 [restartedMain] INFO  o.a.c.c.C.[.[localhost].[/auth] - Initializing Spring embedded WebApplicationContext
2022-08-15_11-14-01 [restartedMain] INFO  o.s.b.w.s.c.ServletWebServerApplicationContext - Root WebApplicationContext: initialization completed in 2344 ms
2022-08-15_11-14-01 [restartedMain] INFO  com.zaxxer.hikari.HikariDataSource - HikariPool-1 - Starting...
2022-08-15_11-14-01 [restartedMain] INFO  com.zaxxer.hikari.HikariDataSource - HikariPool-1 - Start completed.
2022-08-15_11-14-01 [restartedMain] INFO  o.s.b.a.h.H2ConsoleAutoConfiguration - H2 console available at '/db'. Database available at 'jdbc:h2:mem:testdb'
2022-08-15_11-14-01 [restartedMain] INFO  o.h.jpa.internal.util.LogHelper - HHH000204: Processing PersistenceUnitInfo [name: default]
2022-08-15_11-14-01 [restartedMain] INFO  org.hibernate.Version - HHH000412: Hibernate ORM core version 5.4.27.Final
2022-08-15_11-14-01 [restartedMain] INFO  o.h.annotations.common.Version - HCANN000001: Hibernate Commons Annotations {5.1.2.Final}
2022-08-15_11-14-01 [restartedMain] INFO  org.hibernate.dialect.Dialect - HHH000400: Using dialect: org.hibernate.dialect.H2Dialect
2022-08-15_11-14-01 [restartedMain] INFO  o.h.e.t.j.p.i.JtaPlatformInitiator - HHH000490: Using JtaPlatform implementation: [org.hibernate.engine.transaction.jta.platform.internal.NoJtaPlatform]
2022-08-15_11-14-01 [restartedMain] INFO  o.s.o.j.LocalContainerEntityManagerFactoryBean - Initialized JPA EntityManagerFactory for persistence unit 'default'
2022-08-15_11-14-01 [restartedMain] INFO  o.s.b.d.a.OptionalLiveReloadServer - LiveReload server is running on port 35729
2022-08-15_11-14-01 [restartedMain] INFO  s.d.s.w.PropertySourcedRequestMappingHandlerMapping - Mapped URL path [/v2/api-docs] onto method [springfox.documentation.swagger2.web.Swagger2Controller#getDocumentation(String, HttpServletRequest)]
2022-08-15_11-14-01 [restartedMain] INFO  o.s.s.web.DefaultSecurityFilterChain - Will secure any request with [org.springframework.security.web.context.request.async.WebAsyncManagerIntegrationFilter@215459dd, org.springframework.security.web.context.SecurityContextPersistenceFilter@3688f262, org.springframework.security.web.header.HeaderWriterFilter@47ee656d, org.springframework.security.web.authentication.logout.LogoutFilter@42ca994a, com.cts.authorization.config.JwtRequestFilter@679dd1d4, org.springframework.security.web.savedrequest.RequestCacheAwareFilter@34ec458a, org.springframework.security.web.servletapi.SecurityContextHolderAwareRequestFilter@68a420ac, org.springframework.security.web.authentication.AnonymousAuthenticationFilter@1dfa281c, org.springframework.security.web.session.SessionManagementFilter@7207d8c2, org.springframework.security.web.access.ExceptionTranslationFilter@57ebd836, org.springframework.security.web.access.intercept.FilterSecurityInterceptor@27437662]
2022-08-15_11-14-01 [restartedMain] INFO  o.s.s.c.ThreadPoolTaskExecutor - Initializing ExecutorService 'applicationTaskExecutor'
2022-08-15_11-14-01 [restartedMain] INFO  o.a.coyote.http11.Http11NioProtocol - Starting ProtocolHandler ["http-nio-8400"]
2022-08-15_11-14-01 [restartedMain] INFO  o.s.b.w.e.tomcat.TomcatWebServer - Tomcat started on port(s): 8400 (http) with context path '/auth'
2022-08-15_11-14-01 [restartedMain] INFO  s.d.s.w.p.DocumentationPluginsBootstrapper - Context refreshed
2022-08-15_11-14-01 [restartedMain] INFO  s.d.s.w.p.DocumentationPluginsBootstrapper - Found 1 custom documentation plugin(s)
2022-08-15_11-14-01 [restartedMain] INFO  s.d.s.w.s.ApiListingReferenceScanner - Scanning for api listing references
2022-08-15_11-14-01 [restartedMain] INFO  c.c.a.AuthorizationMicroserviceApplication - Started AuthorizationMicroserviceApplication in 6.034 seconds (JVM running for 7.18)
2022-08-15_11-14-01 [http-nio-8400-exec-1] INFO  o.a.c.c.C.[.[localhost].[/auth] - Initializing Spring DispatcherServlet 'dispatcherServlet'
2022-08-15_11-14-01 [http-nio-8400-exec-1] INFO  o.s.web.servlet.DispatcherServlet - Initializing Servlet 'dispatcherServlet'
2022-08-15_11-14-01 [http-nio-8400-exec-1] INFO  o.s.web.servlet.DispatcherServlet - Completed initialization in 12 ms
2022-08-15_11-14-01 [http-nio-8400-exec-2] INFO  c.c.a.c.JwtAuthenticationController - Inside authenticate Method==================================
2022-08-15_11-14-01 [http-nio-8400-exec-2] INFO  c.c.a.service.JwtUserDetailsService - User found
2022-08-15_11-14-01 [http-nio-8400-exec-2] INFO  c.c.a.service.JwtUserDetailsService - user successfully located
2022-08-15_11-14-01 [http-nio-8400-exec-2] INFO  c.c.a.c.JwtAuthenticationController - Authentication Successful.....
2022-08-15_11-14-01 [http-nio-8400-exec-2] INFO  c.c.a.service.JwtUserDetailsService - User found
2022-08-15_11-14-01 [http-nio-8400-exec-2] INFO  c.c.a.service.JwtUserDetailsService - user successfully located
2022-08-15_11-14-01 [SpringContextShutdownHook] INFO  o.s.s.c.ThreadPoolTaskExecutor - Shutting down ExecutorService 'applicationTaskExecutor'
2022-08-15_11-14-01 [SpringContextShutdownHook] INFO  o.s.o.j.LocalContainerEntityManagerFactoryBean - Closing JPA EntityManagerFactory for persistence unit 'default'
2022-08-15_11-14-01 [SpringContextShutdownHook] INFO  o.h.t.s.i.SchemaDropperImpl$DelayedDropActionImpl - HHH000477: Starting delayed evictData of schema as part of SessionFactory shut-down'
2022-08-15_11-14-01 [SpringContextShutdownHook] INFO  com.zaxxer.hikari.HikariDataSource - HikariPool-1 - Shutdown initiated...
2022-08-15_11-14-01 [SpringContextShutdownHook] INFO  com.zaxxer.hikari.HikariDataSource - HikariPool-1 - Shutdown completed.
2022-08-15_11-16-35 [restartedMain] INFO  c.c.a.AuthorizationMicroserviceApplication - Starting AuthorizationMicroserviceApplication using Java 18.0.2 on Navneet with PID 4316 (C:\Users\HP\Downloads\Policyyyyyy\PolicyAdministrationSystem\New folder\Authorization-Microservice\target\classes started by HP in C:\Users\HP\Downloads\Policyyyyyy\PolicyAdministrationSystem\New folder\Authorization-Microservice)
2022-08-15_11-16-35 [restartedMain] INFO  c.c.a.AuthorizationMicroserviceApplication - No active profile set, falling back to default profiles: default
2022-08-15_11-16-35 [restartedMain] INFO  o.s.b.d.e.DevToolsPropertyDefaultsPostProcessor - Devtools property defaults active! Set 'spring.devtools.add-properties' to 'false' to disable
2022-08-15_11-16-35 [restartedMain] INFO  o.s.b.d.e.DevToolsPropertyDefaultsPostProcessor - For additional web related logging consider setting the 'logging.level.web' property to 'DEBUG'
2022-08-15_11-16-35 [restartedMain] INFO  o.s.d.r.c.RepositoryConfigurationDelegate - Bootstrapping Spring Data JPA repositories in DEFAULT mode.
2022-08-15_11-16-35 [restartedMain] INFO  o.s.d.r.c.RepositoryConfigurationDelegate - Finished Spring Data repository scanning in 47 ms. Found 1 JPA repository interfaces.
2022-08-15_11-16-35 [restartedMain] INFO  o.s.cloud.context.scope.GenericScope - BeanFactory id=b6ec0f09-868a-3b39-8b39-db24684a6ae7
2022-08-15_11-16-35 [restartedMain] INFO  o.s.b.w.e.tomcat.TomcatWebServer - Tomcat initialized with port(s): 8400 (http)
2022-08-15_11-16-35 [restartedMain] INFO  o.a.coyote.http11.Http11NioProtocol - Initializing ProtocolHandler ["http-nio-8400"]
2022-08-15_11-16-35 [restartedMain] INFO  o.a.catalina.core.StandardService - Starting service [Tomcat]
2022-08-15_11-16-35 [restartedMain] INFO  o.a.catalina.core.StandardEngine - Starting Servlet engine: [Apache Tomcat/9.0.41]
2022-08-15_11-16-35 [restartedMain] INFO  o.a.c.c.C.[.[localhost].[/auth] - Initializing Spring embedded WebApplicationContext
2022-08-15_11-16-35 [restartedMain] INFO  o.s.b.w.s.c.ServletWebServerApplicationContext - Root WebApplicationContext: initialization completed in 1842 ms
2022-08-15_11-16-35 [restartedMain] INFO  com.zaxxer.hikari.HikariDataSource - HikariPool-1 - Starting...
2022-08-15_11-16-35 [restartedMain] INFO  com.zaxxer.hikari.HikariDataSource - HikariPool-1 - Start completed.
2022-08-15_11-16-35 [restartedMain] INFO  o.s.b.a.h.H2ConsoleAutoConfiguration - H2 console available at '/db'. Database available at 'jdbc:h2:mem:testdb'
2022-08-15_11-16-35 [restartedMain] INFO  o.h.jpa.internal.util.LogHelper - HHH000204: Processing PersistenceUnitInfo [name: default]
2022-08-15_11-16-35 [restartedMain] INFO  org.hibernate.Version - HHH000412: Hibernate ORM core version 5.4.27.Final
2022-08-15_11-16-35 [restartedMain] INFO  o.h.annotations.common.Version - HCANN000001: Hibernate Commons Annotations {5.1.2.Final}
2022-08-15_11-16-35 [restartedMain] INFO  org.hibernate.dialect.Dialect - HHH000400: Using dialect: org.hibernate.dialect.H2Dialect
2022-08-15_11-16-35 [restartedMain] INFO  o.h.e.t.j.p.i.JtaPlatformInitiator - HHH000490: Using JtaPlatform implementation: [org.hibernate.engine.transaction.jta.platform.internal.NoJtaPlatform]
2022-08-15_11-16-35 [restartedMain] INFO  o.s.o.j.LocalContainerEntityManagerFactoryBean - Initialized JPA EntityManagerFactory for persistence unit 'default'
2022-08-15_11-16-35 [restartedMain] INFO  o.s.b.d.a.OptionalLiveReloadServer - LiveReload server is running on port 35729
2022-08-15_11-16-35 [restartedMain] INFO  s.d.s.w.PropertySourcedRequestMappingHandlerMapping - Mapped URL path [/v2/api-docs] onto method [springfox.documentation.swagger2.web.Swagger2Controller#getDocumentation(String, HttpServletRequest)]
2022-08-15_11-16-35 [restartedMain] INFO  o.s.s.web.DefaultSecurityFilterChain - Will secure any request with [org.springframework.security.web.context.request.async.WebAsyncManagerIntegrationFilter@482b5ce4, org.springframework.security.web.context.SecurityContextPersistenceFilter@5fd7c81b, org.springframework.security.web.header.HeaderWriterFilter@70cd3d4e, org.springframework.security.web.authentication.logout.LogoutFilter@5fa3fb02, com.cts.authorization.config.JwtRequestFilter@3dfa5d0a, org.springframework.security.web.savedrequest.RequestCacheAwareFilter@39ec16d7, org.springframework.security.web.servletapi.SecurityContextHolderAwareRequestFilter@73ddbf12, org.springframework.security.web.authentication.AnonymousAuthenticationFilter@6e29864d, org.springframework.security.web.session.SessionManagementFilter@16e48efd, org.springframework.security.web.access.ExceptionTranslationFilter@46351d75, org.springframework.security.web.access.intercept.FilterSecurityInterceptor@38b42c2b]
2022-08-15_11-16-35 [restartedMain] INFO  o.s.s.c.ThreadPoolTaskExecutor - Initializing ExecutorService 'applicationTaskExecutor'
2022-08-15_11-16-35 [restartedMain] INFO  o.a.coyote.http11.Http11NioProtocol - Starting ProtocolHandler ["http-nio-8400"]
2022-08-15_11-16-35 [restartedMain] INFO  o.s.b.w.e.tomcat.TomcatWebServer - Tomcat started on port(s): 8400 (http) with context path '/auth'
2022-08-15_11-16-35 [restartedMain] INFO  s.d.s.w.p.DocumentationPluginsBootstrapper - Context refreshed
2022-08-15_11-16-35 [restartedMain] INFO  s.d.s.w.p.DocumentationPluginsBootstrapper - Found 1 custom documentation plugin(s)
2022-08-15_11-16-35 [restartedMain] INFO  s.d.s.w.s.ApiListingReferenceScanner - Scanning for api listing references
2022-08-15_11-16-35 [restartedMain] INFO  c.c.a.AuthorizationMicroserviceApplication - Started AuthorizationMicroserviceApplication in 5.148 seconds (JVM running for 5.877)
2022-08-15_11-16-35 [http-nio-8400-exec-2] INFO  o.a.c.c.C.[.[localhost].[/auth] - Initializing Spring DispatcherServlet 'dispatcherServlet'
2022-08-15_11-16-35 [http-nio-8400-exec-2] INFO  o.s.web.servlet.DispatcherServlet - Initializing Servlet 'dispatcherServlet'
2022-08-15_11-16-35 [http-nio-8400-exec-2] INFO  o.s.web.servlet.DispatcherServlet - Completed initialization in 3 ms
2022-08-15_11-16-35 [http-nio-8400-exec-2] INFO  c.c.a.c.JwtAuthenticationController - Inside authenticate Method==================================
2022-08-15_11-16-35 [http-nio-8400-exec-2] INFO  c.c.a.service.JwtUserDetailsService - User found
2022-08-15_11-16-35 [http-nio-8400-exec-2] INFO  c.c.a.service.JwtUserDetailsService - user successfully located
2022-08-15_11-16-35 [http-nio-8400-exec-2] INFO  c.c.a.c.JwtAuthenticationController - Authentication Successful.....
2022-08-15_11-16-35 [http-nio-8400-exec-2] INFO  c.c.a.service.JwtUserDetailsService - User found
2022-08-15_11-16-35 [http-nio-8400-exec-2] INFO  c.c.a.service.JwtUserDetailsService - user successfully located
2022-08-15_11-16-35 [SpringContextShutdownHook] INFO  o.s.s.c.ThreadPoolTaskExecutor - Shutting down ExecutorService 'applicationTaskExecutor'
2022-08-15_11-16-35 [SpringContextShutdownHook] INFO  o.s.o.j.LocalContainerEntityManagerFactoryBean - Closing JPA EntityManagerFactory for persistence unit 'default'
2022-08-15_11-16-35 [SpringContextShutdownHook] INFO  o.h.t.s.i.SchemaDropperImpl$DelayedDropActionImpl - HHH000477: Starting delayed evictData of schema as part of SessionFactory shut-down'
2022-08-15_11-16-35 [SpringContextShutdownHook] INFO  com.zaxxer.hikari.HikariDataSource - HikariPool-1 - Shutdown initiated...
2022-08-15_11-16-35 [SpringContextShutdownHook] INFO  com.zaxxer.hikari.HikariDataSource - HikariPool-1 - Shutdown completed.
