2022-07-13_13-14-14 [restartedMain] ERROR o.s.b.d.LoggingFailureAnalysisReporter - 

***************************
APPLICATION FAILED TO START
***************************

Description:

Web server failed to start. Port 8400 was already in use.

Action:

Identify and stop the process that's listening on port 8400 or configure this application to listen on another port.

2022-07-13_13-14-47 [http-nio-8400-exec-1] ERROR c.c.a.e.GlobalExceptionHandler - INVALID_CREDENTIALS
2022-07-13_13-14-47 [http-nio-8400-exec-4] ERROR c.c.a.e.GlobalExceptionHandler - INVALID_CREDENTIALS
2022-07-13_13-14-47 [http-nio-8400-exec-2] ERROR c.c.a.e.GlobalExceptionHandler - INVALID_CREDENTIALS
2022-07-13_13-14-47 [http-nio-8400-exec-3] ERROR c.c.a.e.GlobalExceptionHandler - INVALID_CREDENTIALS
2022-07-13_13-14-47 [http-nio-8400-exec-6] ERROR c.c.a.e.GlobalExceptionHandler - INVALID_CREDENTIALS
2022-07-13_13-14-47 [http-nio-8400-exec-7] ERROR c.c.a.e.GlobalExceptionHandler - INVALID_CREDENTIALS
2022-07-13_13-21-26 [http-nio-8400-exec-6] ERROR c.c.a.config.JwtRequestFilter - JWT Token has expired
2022-07-13_14-39-42 [http-nio-8400-exec-3] ERROR c.c.a.config.JwtRequestFilter - JWT Token has expired
2022-07-13_15-42-55 [http-nio-8400-exec-1] ERROR c.c.a.config.JwtRequestFilter - JWT Token has expired
2022-07-13_15-42-55 [http-nio-8400-exec-2] ERROR c.c.a.config.JwtRequestFilter - JWT Token has expired
2022-07-13_15-42-55 [http-nio-8400-exec-4] ERROR c.c.a.config.JwtRequestFilter - JWT Token has expired
2022-07-13_17-11-28 [restartedMain] ERROR o.s.b.d.LoggingFailureAnalysisReporter - 

***************************
APPLICATION FAILED TO START
***************************

Description:

Web server failed to start. Port 8400 was already in use.

Action:

Identify and stop the process that's listening on port 8400 or configure this application to listen on another port.

2022-07-13_17-12-20 [restartedMain] ERROR o.s.b.d.LoggingFailureAnalysisReporter - 

***************************
APPLICATION FAILED TO START
***************************

Description:

Web server failed to start. Port 8400 was already in use.

Action:

Identify and stop the process that's listening on port 8400 or configure this application to listen on another port.

2022-07-13_17-13-04 [http-nio-8400-exec-8] ERROR c.c.a.config.JwtRequestFilter - JWT Token has expired
